2023-04-28 01:04:32,107 - model.dcrnn_supervisor - INFO - Log directory: data/model/dcrnn_DR_0_h_18_64-64_lr_0.01_bs_64_0428010432/
2023-04-28 01:04:32,108 - model.dcrnn_supervisor - INFO - {'base_dir': 'data/model', 'log_level': 'INFO', 'data': {'batch_size': 64, 'dataset_dir': 'data/METR-LA', 'test_batch_size': 64, 'val_batch_size': 64, 'graph_pkl_filename': 'data/sensor_graph/adj_mx.pkl'}, 'model': {'cl_decay_steps': 2000, 'filter_type': 'dual_random_walk', 'horizon': 18, 'input_dim': 2, 'l1_decay': 0, 'max_diffusion_step': 0, 'num_nodes': 50, 'num_rnn_layers': 2, 'output_dim': 1, 'rnn_units': 64, 'seq_len': 18, 'use_curriculum_learning': True}, 'train': {'base_lr': 0.01, 'dropout': 0, 'epoch': 0, 'epochs': 100, 'epsilon': 0.001, 'global_step': 0, 'lr_decay_ratio': 0.1, 'max_grad_norm': 5, 'max_to_keep': 100, 'min_learning_rate': 2e-06, 'optimizer': 'adam', 'patience': 10, 'steps': [20, 30, 40, 50], 'test_every_n_epochs': 10}}
2023-04-28 01:04:34,835 - model.dcrnn_supervisor - INFO - ('x_train', (23966, 18, 50, 2))
2023-04-28 01:04:34,835 - model.dcrnn_supervisor - INFO - ('y_train', (23966, 18, 50, 2))
2023-04-28 01:04:34,835 - model.dcrnn_supervisor - INFO - ('x_val', (3424, 18, 50, 2))
2023-04-28 01:04:34,835 - model.dcrnn_supervisor - INFO - ('y_val', (3424, 18, 50, 2))
2023-04-28 01:04:34,835 - model.dcrnn_supervisor - INFO - ('x_test', (6847, 18, 50, 2))
2023-04-28 01:04:34,835 - model.dcrnn_supervisor - INFO - ('y_test', (6847, 18, 50, 2))
2023-04-28 01:04:43,068 - model.dcrnn_supervisor - INFO - Total number of trainable parameters: 75136
2023-04-28 01:04:43,723 - model.dcrnn_supervisor - INFO - Start training ...
2023-04-28 01:05:09,731 - model.dcrnn_supervisor - INFO - Epoch [0/100] (375) train_mae: 2.8939, val_mae: 5.3018 lr:0.010000 25.8s
2023-04-28 01:05:10,002 - model.dcrnn_supervisor - INFO - Val loss decrease from inf to 5.3018, saving to data/model/dcrnn_DR_0_h_18_64-64_lr_0.01_bs_64_0428010432/models-5.3018-375
2023-04-28 01:05:34,314 - model.dcrnn_supervisor - INFO - Epoch [1/100] (750) train_mae: 2.5236, val_mae: 4.9378 lr:0.010000 24.3s
2023-04-28 01:05:34,323 - model.dcrnn_supervisor - INFO - Val loss decrease from 5.3018 to 4.9378, saving to data/model/dcrnn_DR_0_h_18_64-64_lr_0.01_bs_64_0428010432/models-4.9378-750
2023-04-28 01:05:58,703 - model.dcrnn_supervisor - INFO - Epoch [2/100] (1125) train_mae: 2.4289, val_mae: 4.7608 lr:0.010000 24.4s
2023-04-28 01:05:58,712 - model.dcrnn_supervisor - INFO - Val loss decrease from 4.9378 to 4.7608, saving to data/model/dcrnn_DR_0_h_18_64-64_lr_0.01_bs_64_0428010432/models-4.7608-1125
2023-04-28 01:06:24,054 - model.dcrnn_supervisor - INFO - Epoch [3/100] (1500) train_mae: 2.3813, val_mae: 4.6834 lr:0.010000 25.3s
2023-04-28 01:06:24,064 - model.dcrnn_supervisor - INFO - Val loss decrease from 4.7608 to 4.6834, saving to data/model/dcrnn_DR_0_h_18_64-64_lr_0.01_bs_64_0428010432/models-4.6834-1500
2023-04-28 01:06:48,405 - model.dcrnn_supervisor - INFO - Epoch [4/100] (1875) train_mae: 2.3648, val_mae: 4.6549 lr:0.010000 24.3s
2023-04-28 01:06:48,415 - model.dcrnn_supervisor - INFO - Val loss decrease from 4.6834 to 4.6549, saving to data/model/dcrnn_DR_0_h_18_64-64_lr_0.01_bs_64_0428010432/models-4.6549-1875
2023-04-28 01:07:13,176 - model.dcrnn_supervisor - INFO - Epoch [5/100] (2250) train_mae: 2.3413, val_mae: 4.6831 lr:0.010000 24.8s
2023-04-28 01:07:37,656 - model.dcrnn_supervisor - INFO - Epoch [6/100] (2625) train_mae: 2.3306, val_mae: 4.6000 lr:0.010000 24.5s
2023-04-28 01:07:37,665 - model.dcrnn_supervisor - INFO - Val loss decrease from 4.6549 to 4.6000, saving to data/model/dcrnn_DR_0_h_18_64-64_lr_0.01_bs_64_0428010432/models-4.6000-2625
2023-04-28 01:08:02,354 - model.dcrnn_supervisor - INFO - Epoch [7/100] (3000) train_mae: 2.3218, val_mae: 4.6348 lr:0.010000 24.7s
2023-04-28 01:08:28,107 - model.dcrnn_supervisor - INFO - Epoch [8/100] (3375) train_mae: 2.3146, val_mae: 4.6147 lr:0.010000 25.8s
2023-04-28 01:08:52,587 - model.dcrnn_supervisor - INFO - Epoch [9/100] (3750) train_mae: 2.3118, val_mae: 4.5623 lr:0.010000 24.5s
2023-04-28 01:08:55,667 - model.dcrnn_supervisor - INFO - Horizon 01, MAE: 2.35, MAPE: 0.0473, RMSE: 5.49
2023-04-28 01:08:55,680 - model.dcrnn_supervisor - INFO - Horizon 02, MAE: 2.74, MAPE: 0.0564, RMSE: 6.87
2023-04-28 01:08:55,691 - model.dcrnn_supervisor - INFO - Horizon 03, MAE: 3.04, MAPE: 0.0634, RMSE: 7.82
2023-04-28 01:08:55,704 - model.dcrnn_supervisor - INFO - Horizon 04, MAE: 3.31, MAPE: 0.0696, RMSE: 8.61
2023-04-28 01:08:55,716 - model.dcrnn_supervisor - INFO - Horizon 05, MAE: 3.58, MAPE: 0.0756, RMSE: 9.32
2023-04-28 01:08:55,728 - model.dcrnn_supervisor - INFO - Horizon 06, MAE: 3.83, MAPE: 0.0811, RMSE: 9.97
2023-04-28 01:08:55,741 - model.dcrnn_supervisor - INFO - Horizon 07, MAE: 4.06, MAPE: 0.0864, RMSE: 10.52
2023-04-28 01:08:55,755 - model.dcrnn_supervisor - INFO - Horizon 08, MAE: 4.28, MAPE: 0.0915, RMSE: 11.01
2023-04-28 01:08:55,768 - model.dcrnn_supervisor - INFO - Horizon 09, MAE: 4.50, MAPE: 0.0962, RMSE: 11.48
2023-04-28 01:08:55,781 - model.dcrnn_supervisor - INFO - Horizon 10, MAE: 4.67, MAPE: 0.1003, RMSE: 11.83
2023-04-28 01:08:55,794 - model.dcrnn_supervisor - INFO - Horizon 11, MAE: 4.84, MAPE: 0.1044, RMSE: 12.15
2023-04-28 01:08:55,807 - model.dcrnn_supervisor - INFO - Horizon 12, MAE: 5.01, MAPE: 0.1082, RMSE: 12.46
2023-04-28 01:08:55,820 - model.dcrnn_supervisor - INFO - Horizon 13, MAE: 5.16, MAPE: 0.1118, RMSE: 12.75
2023-04-28 01:08:55,834 - model.dcrnn_supervisor - INFO - Horizon 14, MAE: 5.32, MAPE: 0.1151, RMSE: 13.02
2023-04-28 01:08:55,847 - model.dcrnn_supervisor - INFO - Horizon 15, MAE: 5.46, MAPE: 0.1184, RMSE: 13.28
2023-04-28 01:08:55,860 - model.dcrnn_supervisor - INFO - Horizon 16, MAE: 5.61, MAPE: 0.1215, RMSE: 13.54
2023-04-28 01:08:55,873 - model.dcrnn_supervisor - INFO - Horizon 17, MAE: 5.74, MAPE: 0.1244, RMSE: 13.76
2023-04-28 01:08:55,886 - model.dcrnn_supervisor - INFO - Horizon 18, MAE: 5.87, MAPE: 0.1270, RMSE: 13.96
2023-04-28 01:08:55,897 - model.dcrnn_supervisor - INFO - Val loss decrease from 4.6000 to 4.5623, saving to data/model/dcrnn_DR_0_h_18_64-64_lr_0.01_bs_64_0428010432/models-4.5623-3750
2023-04-28 01:09:20,674 - model.dcrnn_supervisor - INFO - Epoch [10/100] (4125) train_mae: 2.3143, val_mae: 4.6189 lr:0.010000 24.8s
2023-04-28 01:09:45,100 - model.dcrnn_supervisor - INFO - Epoch [11/100] (4500) train_mae: 2.3053, val_mae: 4.5351 lr:0.010000 24.4s
2023-04-28 01:09:45,112 - model.dcrnn_supervisor - INFO - Val loss decrease from 4.5623 to 4.5351, saving to data/model/dcrnn_DR_0_h_18_64-64_lr_0.01_bs_64_0428010432/models-4.5351-4500
2023-04-28 01:10:09,929 - model.dcrnn_supervisor - INFO - Epoch [12/100] (4875) train_mae: 2.3049, val_mae: 4.5872 lr:0.010000 24.8s
2023-04-28 01:10:34,300 - model.dcrnn_supervisor - INFO - Epoch [13/100] (5250) train_mae: 2.3017, val_mae: 4.5662 lr:0.010000 24.4s
2023-04-28 01:10:58,785 - model.dcrnn_supervisor - INFO - Epoch [14/100] (5625) train_mae: 2.3002, val_mae: 4.4987 lr:0.010000 24.5s
2023-04-28 01:10:58,794 - model.dcrnn_supervisor - INFO - Val loss decrease from 4.5351 to 4.4987, saving to data/model/dcrnn_DR_0_h_18_64-64_lr_0.01_bs_64_0428010432/models-4.4987-5625
2023-04-28 01:11:24,441 - model.dcrnn_supervisor - INFO - Epoch [15/100] (6000) train_mae: 2.2989, val_mae: 4.5854 lr:0.010000 25.6s
2023-04-28 01:11:48,899 - model.dcrnn_supervisor - INFO - Epoch [16/100] (6375) train_mae: 2.2930, val_mae: 4.6933 lr:0.010000 24.5s
2023-04-28 01:12:13,564 - model.dcrnn_supervisor - INFO - Epoch [17/100] (6750) train_mae: 2.2941, val_mae: 4.6542 lr:0.010000 24.7s
2023-04-28 01:12:37,998 - model.dcrnn_supervisor - INFO - Epoch [18/100] (7125) train_mae: 2.2952, val_mae: 4.5058 lr:0.010000 24.4s
2023-04-28 01:13:02,591 - model.dcrnn_supervisor - INFO - Epoch [19/100] (7500) train_mae: 2.2945, val_mae: 4.6238 lr:0.010000 24.6s
2023-04-28 01:13:06,834 - model.dcrnn_supervisor - INFO - Horizon 01, MAE: 2.38, MAPE: 0.0474, RMSE: 5.58
2023-04-28 01:13:06,847 - model.dcrnn_supervisor - INFO - Horizon 02, MAE: 2.78, MAPE: 0.0566, RMSE: 7.04
2023-04-28 01:13:06,860 - model.dcrnn_supervisor - INFO - Horizon 03, MAE: 3.10, MAPE: 0.0639, RMSE: 8.03
2023-04-28 01:13:06,873 - model.dcrnn_supervisor - INFO - Horizon 04, MAE: 3.37, MAPE: 0.0699, RMSE: 8.84
2023-04-28 01:13:06,887 - model.dcrnn_supervisor - INFO - Horizon 05, MAE: 3.63, MAPE: 0.0757, RMSE: 9.58
2023-04-28 01:13:06,900 - model.dcrnn_supervisor - INFO - Horizon 06, MAE: 3.89, MAPE: 0.0811, RMSE: 10.25
2023-04-28 01:13:06,913 - model.dcrnn_supervisor - INFO - Horizon 07, MAE: 4.13, MAPE: 0.0864, RMSE: 10.82
2023-04-28 01:13:06,927 - model.dcrnn_supervisor - INFO - Horizon 08, MAE: 4.35, MAPE: 0.0914, RMSE: 11.34
2023-04-28 01:13:06,940 - model.dcrnn_supervisor - INFO - Horizon 09, MAE: 4.57, MAPE: 0.0961, RMSE: 11.83
2023-04-28 01:13:06,953 - model.dcrnn_supervisor - INFO - Horizon 10, MAE: 4.75, MAPE: 0.1001, RMSE: 12.20
2023-04-28 01:13:06,967 - model.dcrnn_supervisor - INFO - Horizon 11, MAE: 4.92, MAPE: 0.1038, RMSE: 12.54
2023-04-28 01:13:06,980 - model.dcrnn_supervisor - INFO - Horizon 12, MAE: 5.09, MAPE: 0.1079, RMSE: 12.87
2023-04-28 01:13:06,993 - model.dcrnn_supervisor - INFO - Horizon 13, MAE: 5.25, MAPE: 0.1114, RMSE: 13.18
2023-04-28 01:13:07,006 - model.dcrnn_supervisor - INFO - Horizon 14, MAE: 5.41, MAPE: 0.1147, RMSE: 13.46
2023-04-28 01:13:07,019 - model.dcrnn_supervisor - INFO - Horizon 15, MAE: 5.57, MAPE: 0.1178, RMSE: 13.74
2023-04-28 01:13:07,031 - model.dcrnn_supervisor - INFO - Horizon 16, MAE: 5.72, MAPE: 0.1210, RMSE: 14.02
2023-04-28 01:13:07,043 - model.dcrnn_supervisor - INFO - Horizon 17, MAE: 5.86, MAPE: 0.1240, RMSE: 14.27
2023-04-28 01:13:07,055 - model.dcrnn_supervisor - INFO - Horizon 18, MAE: 5.99, MAPE: 0.1267, RMSE: 14.49
2023-04-28 01:13:31,307 - model.dcrnn_supervisor - INFO - Epoch [20/100] (7875) train_mae: 2.2678, val_mae: 4.4295 lr:0.001000 24.2s
2023-04-28 01:13:31,315 - model.dcrnn_supervisor - INFO - Val loss decrease from 4.4987 to 4.4295, saving to data/model/dcrnn_DR_0_h_18_64-64_lr_0.01_bs_64_0428010432/models-4.4295-7875
2023-04-28 01:13:55,526 - model.dcrnn_supervisor - INFO - Epoch [21/100] (8250) train_mae: 2.2668, val_mae: 4.4283 lr:0.001000 24.2s
2023-04-28 01:13:55,536 - model.dcrnn_supervisor - INFO - Val loss decrease from 4.4295 to 4.4283, saving to data/model/dcrnn_DR_0_h_18_64-64_lr_0.01_bs_64_0428010432/models-4.4283-8250
2023-04-28 01:14:20,288 - model.dcrnn_supervisor - INFO - Epoch [22/100] (8625) train_mae: 2.2676, val_mae: 4.4261 lr:0.001000 24.8s
2023-04-28 01:14:20,297 - model.dcrnn_supervisor - INFO - Val loss decrease from 4.4283 to 4.4261, saving to data/model/dcrnn_DR_0_h_18_64-64_lr_0.01_bs_64_0428010432/models-4.4261-8625
2023-04-28 01:14:44,442 - model.dcrnn_supervisor - INFO - Epoch [23/100] (9000) train_mae: 2.2736, val_mae: 4.4167 lr:0.001000 24.1s
2023-04-28 01:14:44,451 - model.dcrnn_supervisor - INFO - Val loss decrease from 4.4261 to 4.4167, saving to data/model/dcrnn_DR_0_h_18_64-64_lr_0.01_bs_64_0428010432/models-4.4167-9000
2023-04-28 01:15:09,663 - model.dcrnn_supervisor - INFO - Epoch [24/100] (9375) train_mae: 2.2715, val_mae: 4.4120 lr:0.001000 25.2s
2023-04-28 01:15:09,672 - model.dcrnn_supervisor - INFO - Val loss decrease from 4.4167 to 4.4120, saving to data/model/dcrnn_DR_0_h_18_64-64_lr_0.01_bs_64_0428010432/models-4.4120-9375
2023-04-28 01:15:34,889 - model.dcrnn_supervisor - INFO - Epoch [25/100] (9750) train_mae: 2.2763, val_mae: 4.4156 lr:0.001000 25.2s
2023-04-28 01:15:59,936 - model.dcrnn_supervisor - INFO - Epoch [26/100] (10125) train_mae: 2.2814, val_mae: 4.4158 lr:0.001000 25.0s
2023-04-28 01:16:26,237 - model.dcrnn_supervisor - INFO - Epoch [27/100] (10500) train_mae: 2.2828, val_mae: 4.4032 lr:0.001000 26.3s
2023-04-28 01:16:26,245 - model.dcrnn_supervisor - INFO - Val loss decrease from 4.4120 to 4.4032, saving to data/model/dcrnn_DR_0_h_18_64-64_lr_0.01_bs_64_0428010432/models-4.4032-10500
2023-04-28 01:16:50,683 - model.dcrnn_supervisor - INFO - Epoch [28/100] (10875) train_mae: 2.3048, val_mae: 4.3760 lr:0.001000 24.4s
2023-04-28 01:16:50,694 - model.dcrnn_supervisor - INFO - Val loss decrease from 4.4032 to 4.3760, saving to data/model/dcrnn_DR_0_h_18_64-64_lr_0.01_bs_64_0428010432/models-4.3760-10875
2023-04-28 01:17:15,560 - model.dcrnn_supervisor - INFO - Epoch [29/100] (11250) train_mae: 2.3097, val_mae: 4.3656 lr:0.001000 24.9s
2023-04-28 01:17:18,629 - model.dcrnn_supervisor - INFO - Horizon 01, MAE: 2.31, MAPE: 0.0464, RMSE: 5.29
2023-04-28 01:17:18,641 - model.dcrnn_supervisor - INFO - Horizon 02, MAE: 2.69, MAPE: 0.0553, RMSE: 6.70
2023-04-28 01:17:18,654 - model.dcrnn_supervisor - INFO - Horizon 03, MAE: 2.97, MAPE: 0.0623, RMSE: 7.65
2023-04-28 01:17:18,666 - model.dcrnn_supervisor - INFO - Horizon 04, MAE: 3.23, MAPE: 0.0682, RMSE: 8.45
2023-04-28 01:17:18,680 - model.dcrnn_supervisor - INFO - Horizon 05, MAE: 3.48, MAPE: 0.0741, RMSE: 9.17
2023-04-28 01:17:18,693 - model.dcrnn_supervisor - INFO - Horizon 06, MAE: 3.72, MAPE: 0.0794, RMSE: 9.82
2023-04-28 01:17:18,707 - model.dcrnn_supervisor - INFO - Horizon 07, MAE: 3.95, MAPE: 0.0846, RMSE: 10.38
2023-04-28 01:17:18,721 - model.dcrnn_supervisor - INFO - Horizon 08, MAE: 4.16, MAPE: 0.0894, RMSE: 10.88
2023-04-28 01:17:18,734 - model.dcrnn_supervisor - INFO - Horizon 09, MAE: 4.35, MAPE: 0.0938, RMSE: 11.32
2023-04-28 01:17:18,747 - model.dcrnn_supervisor - INFO - Horizon 10, MAE: 4.51, MAPE: 0.0977, RMSE: 11.68
2023-04-28 01:17:18,761 - model.dcrnn_supervisor - INFO - Horizon 11, MAE: 4.67, MAPE: 0.1015, RMSE: 12.00
2023-04-28 01:17:18,774 - model.dcrnn_supervisor - INFO - Horizon 12, MAE: 4.82, MAPE: 0.1050, RMSE: 12.31
2023-04-28 01:17:18,787 - model.dcrnn_supervisor - INFO - Horizon 13, MAE: 4.96, MAPE: 0.1083, RMSE: 12.60
2023-04-28 01:17:18,801 - model.dcrnn_supervisor - INFO - Horizon 14, MAE: 5.10, MAPE: 0.1115, RMSE: 12.88
2023-04-28 01:17:18,814 - model.dcrnn_supervisor - INFO - Horizon 15, MAE: 5.24, MAPE: 0.1146, RMSE: 13.15
2023-04-28 01:17:18,827 - model.dcrnn_supervisor - INFO - Horizon 16, MAE: 5.38, MAPE: 0.1176, RMSE: 13.42
2023-04-28 01:17:18,841 - model.dcrnn_supervisor - INFO - Horizon 17, MAE: 5.51, MAPE: 0.1203, RMSE: 13.65
2023-04-28 01:17:18,854 - model.dcrnn_supervisor - INFO - Horizon 18, MAE: 5.63, MAPE: 0.1228, RMSE: 13.86
2023-04-28 01:17:18,865 - model.dcrnn_supervisor - INFO - Val loss decrease from 4.3760 to 4.3656, saving to data/model/dcrnn_DR_0_h_18_64-64_lr_0.01_bs_64_0428010432/models-4.3656-11250
2023-04-28 01:17:43,188 - model.dcrnn_supervisor - INFO - Epoch [30/100] (11625) train_mae: 2.3114, val_mae: 4.3578 lr:0.000100 24.3s
2023-04-28 01:17:43,198 - model.dcrnn_supervisor - INFO - Val loss decrease from 4.3656 to 4.3578, saving to data/model/dcrnn_DR_0_h_18_64-64_lr_0.01_bs_64_0428010432/models-4.3578-11625
2023-04-28 01:18:08,100 - model.dcrnn_supervisor - INFO - Epoch [31/100] (12000) train_mae: 2.3262, val_mae: 4.3584 lr:0.000100 24.9s
2023-04-28 01:18:32,468 - model.dcrnn_supervisor - INFO - Epoch [32/100] (12375) train_mae: 2.3416, val_mae: 4.3593 lr:0.000100 24.4s
2023-04-28 01:18:57,033 - model.dcrnn_supervisor - INFO - Epoch [33/100] (12750) train_mae: 2.3634, val_mae: 4.3528 lr:0.000100 24.6s
2023-04-28 01:18:57,042 - model.dcrnn_supervisor - INFO - Val loss decrease from 4.3578 to 4.3528, saving to data/model/dcrnn_DR_0_h_18_64-64_lr_0.01_bs_64_0428010432/models-4.3528-12750
2023-04-28 01:19:21,946 - model.dcrnn_supervisor - INFO - Epoch [34/100] (13125) train_mae: 2.3855, val_mae: 4.3520 lr:0.000100 24.9s
2023-04-28 01:19:21,955 - model.dcrnn_supervisor - INFO - Val loss decrease from 4.3528 to 4.3520, saving to data/model/dcrnn_DR_0_h_18_64-64_lr_0.01_bs_64_0428010432/models-4.3520-13125
2023-04-28 01:19:46,509 - model.dcrnn_supervisor - INFO - Epoch [35/100] (13500) train_mae: 2.4060, val_mae: 4.3514 lr:0.000100 24.6s
2023-04-28 01:19:46,518 - model.dcrnn_supervisor - INFO - Val loss decrease from 4.3520 to 4.3514, saving to data/model/dcrnn_DR_0_h_18_64-64_lr_0.01_bs_64_0428010432/models-4.3514-13500
2023-04-28 01:20:11,368 - model.dcrnn_supervisor - INFO - Epoch [36/100] (13875) train_mae: 2.4489, val_mae: 4.3461 lr:0.000100 24.8s
2023-04-28 01:20:11,378 - model.dcrnn_supervisor - INFO - Val loss decrease from 4.3514 to 4.3461, saving to data/model/dcrnn_DR_0_h_18_64-64_lr_0.01_bs_64_0428010432/models-4.3461-13875
2023-04-28 01:20:35,827 - model.dcrnn_supervisor - INFO - Epoch [37/100] (14250) train_mae: 2.4742, val_mae: 4.3492 lr:0.000100 24.4s
2023-04-28 01:21:00,412 - model.dcrnn_supervisor - INFO - Epoch [38/100] (14625) train_mae: 2.5090, val_mae: 4.3448 lr:0.000100 24.6s
2023-04-28 01:21:00,420 - model.dcrnn_supervisor - INFO - Val loss decrease from 4.3461 to 4.3448, saving to data/model/dcrnn_DR_0_h_18_64-64_lr_0.01_bs_64_0428010432/models-4.3448-14625
2023-04-28 01:21:26,544 - model.dcrnn_supervisor - INFO - Epoch [39/100] (15000) train_mae: 2.5726, val_mae: 4.3427 lr:0.000100 26.1s
2023-04-28 01:21:29,659 - model.dcrnn_supervisor - INFO - Horizon 01, MAE: 2.30, MAPE: 0.0462, RMSE: 5.25
2023-04-28 01:21:29,672 - model.dcrnn_supervisor - INFO - Horizon 02, MAE: 2.66, MAPE: 0.0550, RMSE: 6.61
2023-04-28 01:21:29,684 - model.dcrnn_supervisor - INFO - Horizon 03, MAE: 2.96, MAPE: 0.0620, RMSE: 7.59
2023-04-28 01:21:29,698 - model.dcrnn_supervisor - INFO - Horizon 04, MAE: 3.22, MAPE: 0.0680, RMSE: 8.39
2023-04-28 01:21:29,711 - model.dcrnn_supervisor - INFO - Horizon 05, MAE: 3.47, MAPE: 0.0738, RMSE: 9.12
2023-04-28 01:21:29,724 - model.dcrnn_supervisor - INFO - Horizon 06, MAE: 3.71, MAPE: 0.0791, RMSE: 9.78
2023-04-28 01:21:29,738 - model.dcrnn_supervisor - INFO - Horizon 07, MAE: 3.93, MAPE: 0.0842, RMSE: 10.34
2023-04-28 01:21:29,751 - model.dcrnn_supervisor - INFO - Horizon 08, MAE: 4.14, MAPE: 0.0890, RMSE: 10.83
2023-04-28 01:21:29,765 - model.dcrnn_supervisor - INFO - Horizon 09, MAE: 4.32, MAPE: 0.0932, RMSE: 11.27
2023-04-28 01:21:29,778 - model.dcrnn_supervisor - INFO - Horizon 10, MAE: 4.49, MAPE: 0.0971, RMSE: 11.62
2023-04-28 01:21:29,791 - model.dcrnn_supervisor - INFO - Horizon 11, MAE: 4.64, MAPE: 0.1008, RMSE: 11.94
2023-04-28 01:21:29,804 - model.dcrnn_supervisor - INFO - Horizon 12, MAE: 4.78, MAPE: 0.1042, RMSE: 12.25
2023-04-28 01:21:29,817 - model.dcrnn_supervisor - INFO - Horizon 13, MAE: 4.92, MAPE: 0.1074, RMSE: 12.55
2023-04-28 01:21:29,831 - model.dcrnn_supervisor - INFO - Horizon 14, MAE: 5.06, MAPE: 0.1106, RMSE: 12.82
2023-04-28 01:21:29,844 - model.dcrnn_supervisor - INFO - Horizon 15, MAE: 5.20, MAPE: 0.1136, RMSE: 13.10
2023-04-28 01:21:29,857 - model.dcrnn_supervisor - INFO - Horizon 16, MAE: 5.34, MAPE: 0.1165, RMSE: 13.36
2023-04-28 01:21:29,869 - model.dcrnn_supervisor - INFO - Horizon 17, MAE: 5.46, MAPE: 0.1191, RMSE: 13.59
2023-04-28 01:21:29,882 - model.dcrnn_supervisor - INFO - Horizon 18, MAE: 5.58, MAPE: 0.1215, RMSE: 13.80
2023-04-28 01:21:29,893 - model.dcrnn_supervisor - INFO - Val loss decrease from 4.3448 to 4.3427, saving to data/model/dcrnn_DR_0_h_18_64-64_lr_0.01_bs_64_0428010432/models-4.3427-15000
2023-04-28 01:21:54,204 - model.dcrnn_supervisor - INFO - Epoch [40/100] (15375) train_mae: 2.6194, val_mae: 4.3427 lr:0.000010 24.3s
2023-04-28 01:22:19,012 - model.dcrnn_supervisor - INFO - Epoch [41/100] (15750) train_mae: 2.6818, val_mae: 4.3416 lr:0.000010 24.8s
2023-04-28 01:22:19,025 - model.dcrnn_supervisor - INFO - Val loss decrease from 4.3427 to 4.3416, saving to data/model/dcrnn_DR_0_h_18_64-64_lr_0.01_bs_64_0428010432/models-4.3416-15750
2023-04-28 01:22:43,190 - model.dcrnn_supervisor - INFO - Epoch [42/100] (16125) train_mae: 2.7445, val_mae: 4.3382 lr:0.000010 24.2s
2023-04-28 01:22:43,198 - model.dcrnn_supervisor - INFO - Val loss decrease from 4.3416 to 4.3382, saving to data/model/dcrnn_DR_0_h_18_64-64_lr_0.01_bs_64_0428010432/models-4.3382-16125
2023-04-28 01:23:08,045 - model.dcrnn_supervisor - INFO - Epoch [43/100] (16500) train_mae: 2.7866, val_mae: 4.3395 lr:0.000010 24.8s
2023-04-28 01:23:32,224 - model.dcrnn_supervisor - INFO - Epoch [44/100] (16875) train_mae: 2.8699, val_mae: 4.3385 lr:0.000010 24.2s
2023-04-28 01:23:56,456 - model.dcrnn_supervisor - INFO - Epoch [45/100] (17250) train_mae: 2.9280, val_mae: 4.3362 lr:0.000010 24.2s
2023-04-28 01:23:56,467 - model.dcrnn_supervisor - INFO - Val loss decrease from 4.3382 to 4.3362, saving to data/model/dcrnn_DR_0_h_18_64-64_lr_0.01_bs_64_0428010432/models-4.3362-17250
2023-04-28 01:24:21,319 - model.dcrnn_supervisor - INFO - Epoch [46/100] (17625) train_mae: 3.0451, val_mae: 4.3354 lr:0.000010 24.9s
2023-04-28 01:24:21,327 - model.dcrnn_supervisor - INFO - Val loss decrease from 4.3362 to 4.3354, saving to data/model/dcrnn_DR_0_h_18_64-64_lr_0.01_bs_64_0428010432/models-4.3354-17625
2023-04-28 01:24:45,791 - model.dcrnn_supervisor - INFO - Epoch [47/100] (18000) train_mae: 3.1289, val_mae: 4.3352 lr:0.000010 24.5s
2023-04-28 01:24:45,800 - model.dcrnn_supervisor - INFO - Val loss decrease from 4.3354 to 4.3352, saving to data/model/dcrnn_DR_0_h_18_64-64_lr_0.01_bs_64_0428010432/models-4.3352-18000
2023-04-28 01:25:10,496 - model.dcrnn_supervisor - INFO - Epoch [48/100] (18375) train_mae: 3.2185, val_mae: 4.3337 lr:0.000010 24.7s
2023-04-28 01:25:10,507 - model.dcrnn_supervisor - INFO - Val loss decrease from 4.3352 to 4.3337, saving to data/model/dcrnn_DR_0_h_18_64-64_lr_0.01_bs_64_0428010432/models-4.3337-18375
2023-04-28 01:25:34,727 - model.dcrnn_supervisor - INFO - Epoch [49/100] (18750) train_mae: 3.2854, val_mae: 4.3335 lr:0.000010 24.2s
2023-04-28 01:25:37,860 - model.dcrnn_supervisor - INFO - Horizon 01, MAE: 2.30, MAPE: 0.0463, RMSE: 5.25
2023-04-28 01:25:37,875 - model.dcrnn_supervisor - INFO - Horizon 02, MAE: 2.66, MAPE: 0.0551, RMSE: 6.59
2023-04-28 01:25:37,887 - model.dcrnn_supervisor - INFO - Horizon 03, MAE: 2.95, MAPE: 0.0622, RMSE: 7.55
2023-04-28 01:25:37,900 - model.dcrnn_supervisor - INFO - Horizon 04, MAE: 3.21, MAPE: 0.0682, RMSE: 8.35
2023-04-28 01:25:37,913 - model.dcrnn_supervisor - INFO - Horizon 05, MAE: 3.46, MAPE: 0.0741, RMSE: 9.07
2023-04-28 01:25:37,926 - model.dcrnn_supervisor - INFO - Horizon 06, MAE: 3.70, MAPE: 0.0794, RMSE: 9.72
2023-04-28 01:25:37,938 - model.dcrnn_supervisor - INFO - Horizon 07, MAE: 3.92, MAPE: 0.0845, RMSE: 10.28
2023-04-28 01:25:37,952 - model.dcrnn_supervisor - INFO - Horizon 08, MAE: 4.12, MAPE: 0.0893, RMSE: 10.77
2023-04-28 01:25:37,966 - model.dcrnn_supervisor - INFO - Horizon 09, MAE: 4.30, MAPE: 0.0935, RMSE: 11.19
2023-04-28 01:25:37,979 - model.dcrnn_supervisor - INFO - Horizon 10, MAE: 4.46, MAPE: 0.0973, RMSE: 11.55
2023-04-28 01:25:37,993 - model.dcrnn_supervisor - INFO - Horizon 11, MAE: 4.60, MAPE: 0.1010, RMSE: 11.87
2023-04-28 01:25:38,007 - model.dcrnn_supervisor - INFO - Horizon 12, MAE: 4.75, MAPE: 0.1045, RMSE: 12.18
2023-04-28 01:25:38,020 - model.dcrnn_supervisor - INFO - Horizon 13, MAE: 4.89, MAPE: 0.1077, RMSE: 12.48
2023-04-28 01:25:38,033 - model.dcrnn_supervisor - INFO - Horizon 14, MAE: 5.02, MAPE: 0.1108, RMSE: 12.76
2023-04-28 01:25:38,046 - model.dcrnn_supervisor - INFO - Horizon 15, MAE: 5.16, MAPE: 0.1137, RMSE: 13.03
2023-04-28 01:25:38,059 - model.dcrnn_supervisor - INFO - Horizon 16, MAE: 5.29, MAPE: 0.1165, RMSE: 13.29
2023-04-28 01:25:38,072 - model.dcrnn_supervisor - INFO - Horizon 17, MAE: 5.41, MAPE: 0.1191, RMSE: 13.52
2023-04-28 01:25:38,086 - model.dcrnn_supervisor - INFO - Horizon 18, MAE: 5.53, MAPE: 0.1214, RMSE: 13.74
2023-04-28 01:25:38,097 - model.dcrnn_supervisor - INFO - Val loss decrease from 4.3337 to 4.3335, saving to data/model/dcrnn_DR_0_h_18_64-64_lr_0.01_bs_64_0428010432/models-4.3335-18750
2023-04-28 01:26:03,147 - model.dcrnn_supervisor - INFO - Epoch [50/100] (19125) train_mae: 3.3919, val_mae: 4.3328 lr:0.000002 25.0s
2023-04-28 01:26:03,165 - model.dcrnn_supervisor - INFO - Val loss decrease from 4.3335 to 4.3328, saving to data/model/dcrnn_DR_0_h_18_64-64_lr_0.01_bs_64_0428010432/models-4.3328-19125
2023-04-28 01:26:27,929 - model.dcrnn_supervisor - INFO - Epoch [51/100] (19500) train_mae: 3.4545, val_mae: 4.3326 lr:0.000002 24.8s
2023-04-28 01:26:27,938 - model.dcrnn_supervisor - INFO - Val loss decrease from 4.3328 to 4.3326, saving to data/model/dcrnn_DR_0_h_18_64-64_lr_0.01_bs_64_0428010432/models-4.3326-19500
2023-04-28 01:26:52,109 - model.dcrnn_supervisor - INFO - Epoch [52/100] (19875) train_mae: 3.5829, val_mae: 4.3322 lr:0.000002 24.2s
2023-04-28 01:26:52,118 - model.dcrnn_supervisor - INFO - Val loss decrease from 4.3326 to 4.3322, saving to data/model/dcrnn_DR_0_h_18_64-64_lr_0.01_bs_64_0428010432/models-4.3322-19875
2023-04-28 01:27:16,975 - model.dcrnn_supervisor - INFO - Epoch [53/100] (20250) train_mae: 3.6580, val_mae: 4.3319 lr:0.000002 24.9s
2023-04-28 01:27:16,986 - model.dcrnn_supervisor - INFO - Val loss decrease from 4.3322 to 4.3319, saving to data/model/dcrnn_DR_0_h_18_64-64_lr_0.01_bs_64_0428010432/models-4.3319-20250
2023-04-28 01:27:41,223 - model.dcrnn_supervisor - INFO - Epoch [54/100] (20625) train_mae: 3.7196, val_mae: 4.3321 lr:0.000002 24.2s
2023-04-28 01:28:06,656 - model.dcrnn_supervisor - INFO - Epoch [55/100] (21000) train_mae: 3.7963, val_mae: 4.3319 lr:0.000002 25.4s
2023-04-28 01:28:06,667 - model.dcrnn_supervisor - INFO - Val loss decrease from 4.3319 to 4.3319, saving to data/model/dcrnn_DR_0_h_18_64-64_lr_0.01_bs_64_0428010432/models-4.3319-21000
2023-04-28 01:28:30,898 - model.dcrnn_supervisor - INFO - Epoch [56/100] (21375) train_mae: 3.8126, val_mae: 4.3318 lr:0.000002 24.2s
2023-04-28 01:28:30,907 - model.dcrnn_supervisor - INFO - Val loss decrease from 4.3319 to 4.3318, saving to data/model/dcrnn_DR_0_h_18_64-64_lr_0.01_bs_64_0428010432/models-4.3318-21375
2023-04-28 01:28:55,107 - model.dcrnn_supervisor - INFO - Epoch [57/100] (21750) train_mae: 3.9447, val_mae: 4.3319 lr:0.000002 24.2s
2023-04-28 01:29:19,955 - model.dcrnn_supervisor - INFO - Epoch [58/100] (22125) train_mae: 3.9498, val_mae: 4.3315 lr:0.000002 24.8s
2023-04-28 01:29:19,964 - model.dcrnn_supervisor - INFO - Val loss decrease from 4.3318 to 4.3315, saving to data/model/dcrnn_DR_0_h_18_64-64_lr_0.01_bs_64_0428010432/models-4.3315-22125
2023-04-28 01:29:44,129 - model.dcrnn_supervisor - INFO - Epoch [59/100] (22500) train_mae: 4.0333, val_mae: 4.3315 lr:0.000002 24.2s
2023-04-28 01:29:47,313 - model.dcrnn_supervisor - INFO - Horizon 01, MAE: 2.30, MAPE: 0.0463, RMSE: 5.25
2023-04-28 01:29:47,326 - model.dcrnn_supervisor - INFO - Horizon 02, MAE: 2.66, MAPE: 0.0552, RMSE: 6.58
2023-04-28 01:29:47,339 - model.dcrnn_supervisor - INFO - Horizon 03, MAE: 2.95, MAPE: 0.0622, RMSE: 7.54
2023-04-28 01:29:47,352 - model.dcrnn_supervisor - INFO - Horizon 04, MAE: 3.21, MAPE: 0.0683, RMSE: 8.34
2023-04-28 01:29:47,365 - model.dcrnn_supervisor - INFO - Horizon 05, MAE: 3.46, MAPE: 0.0742, RMSE: 9.06
2023-04-28 01:29:47,379 - model.dcrnn_supervisor - INFO - Horizon 06, MAE: 3.69, MAPE: 0.0796, RMSE: 9.71
2023-04-28 01:29:47,392 - model.dcrnn_supervisor - INFO - Horizon 07, MAE: 3.91, MAPE: 0.0848, RMSE: 10.26
2023-04-28 01:29:47,405 - model.dcrnn_supervisor - INFO - Horizon 08, MAE: 4.11, MAPE: 0.0896, RMSE: 10.75
2023-04-28 01:29:47,418 - model.dcrnn_supervisor - INFO - Horizon 09, MAE: 4.29, MAPE: 0.0939, RMSE: 11.17
2023-04-28 01:29:47,432 - model.dcrnn_supervisor - INFO - Horizon 10, MAE: 4.45, MAPE: 0.0978, RMSE: 11.53
2023-04-28 01:29:47,446 - model.dcrnn_supervisor - INFO - Horizon 11, MAE: 4.59, MAPE: 0.1015, RMSE: 11.85
2023-04-28 01:29:47,459 - model.dcrnn_supervisor - INFO - Horizon 12, MAE: 4.74, MAPE: 0.1050, RMSE: 12.16
2023-04-28 01:29:47,472 - model.dcrnn_supervisor - INFO - Horizon 13, MAE: 4.88, MAPE: 0.1082, RMSE: 12.46
2023-04-28 01:29:47,485 - model.dcrnn_supervisor - INFO - Horizon 14, MAE: 5.01, MAPE: 0.1113, RMSE: 12.74
2023-04-28 01:29:47,497 - model.dcrnn_supervisor - INFO - Horizon 15, MAE: 5.14, MAPE: 0.1142, RMSE: 13.01
2023-04-28 01:29:47,509 - model.dcrnn_supervisor - INFO - Horizon 16, MAE: 5.28, MAPE: 0.1169, RMSE: 13.28
2023-04-28 01:29:47,521 - model.dcrnn_supervisor - INFO - Horizon 17, MAE: 5.39, MAPE: 0.1195, RMSE: 13.50
2023-04-28 01:29:47,533 - model.dcrnn_supervisor - INFO - Horizon 18, MAE: 5.51, MAPE: 0.1218, RMSE: 13.72
2023-04-28 01:29:47,545 - model.dcrnn_supervisor - INFO - Val loss decrease from 4.3315 to 4.3315, saving to data/model/dcrnn_DR_0_h_18_64-64_lr_0.01_bs_64_0428010432/models-4.3315-22500
2023-04-28 01:30:12,364 - model.dcrnn_supervisor - INFO - Epoch [60/100] (22875) train_mae: 4.0104, val_mae: 4.3316 lr:0.000002 24.8s
2023-04-28 01:30:36,694 - model.dcrnn_supervisor - INFO - Epoch [61/100] (23250) train_mae: 4.0652, val_mae: 4.3312 lr:0.000002 24.3s
2023-04-28 01:30:36,703 - model.dcrnn_supervisor - INFO - Val loss decrease from 4.3315 to 4.3312, saving to data/model/dcrnn_DR_0_h_18_64-64_lr_0.01_bs_64_0428010432/models-4.3312-23250
2023-04-28 01:31:00,815 - model.dcrnn_supervisor - INFO - Epoch [62/100] (23625) train_mae: 4.0833, val_mae: 4.3312 lr:0.000002 24.1s
2023-04-28 01:31:00,824 - model.dcrnn_supervisor - INFO - Val loss decrease from 4.3312 to 4.3312, saving to data/model/dcrnn_DR_0_h_18_64-64_lr_0.01_bs_64_0428010432/models-4.3312-23625
2023-04-28 01:31:26,881 - model.dcrnn_supervisor - INFO - Epoch [63/100] (24000) train_mae: 4.1311, val_mae: 4.3313 lr:0.000002 26.1s
2023-04-28 01:31:51,049 - model.dcrnn_supervisor - INFO - Epoch [64/100] (24375) train_mae: 4.1201, val_mae: 4.3311 lr:0.000002 24.2s
2023-04-28 01:31:51,058 - model.dcrnn_supervisor - INFO - Val loss decrease from 4.3312 to 4.3311, saving to data/model/dcrnn_DR_0_h_18_64-64_lr_0.01_bs_64_0428010432/models-4.3311-24375
2023-04-28 01:32:15,896 - model.dcrnn_supervisor - INFO - Epoch [65/100] (24750) train_mae: 4.1484, val_mae: 4.3310 lr:0.000002 24.8s
2023-04-28 01:32:15,910 - model.dcrnn_supervisor - INFO - Val loss decrease from 4.3311 to 4.3310, saving to data/model/dcrnn_DR_0_h_18_64-64_lr_0.01_bs_64_0428010432/models-4.3310-24750
2023-04-28 01:32:40,041 - model.dcrnn_supervisor - INFO - Epoch [66/100] (25125) train_mae: 4.1690, val_mae: 4.3311 lr:0.000002 24.1s
2023-04-28 01:33:05,849 - model.dcrnn_supervisor - INFO - Epoch [67/100] (25500) train_mae: 4.1678, val_mae: 4.3311 lr:0.000002 25.8s
2023-04-28 01:33:30,147 - model.dcrnn_supervisor - INFO - Epoch [68/100] (25875) train_mae: 4.1978, val_mae: 4.3309 lr:0.000002 24.3s
2023-04-28 01:33:30,157 - model.dcrnn_supervisor - INFO - Val loss decrease from 4.3310 to 4.3309, saving to data/model/dcrnn_DR_0_h_18_64-64_lr_0.01_bs_64_0428010432/models-4.3309-25875
2023-04-28 01:33:54,393 - model.dcrnn_supervisor - INFO - Epoch [69/100] (26250) train_mae: 4.1902, val_mae: 4.3307 lr:0.000002 24.2s
2023-04-28 01:33:57,553 - model.dcrnn_supervisor - INFO - Horizon 01, MAE: 2.30, MAPE: 0.0463, RMSE: 5.25
2023-04-28 01:33:57,566 - model.dcrnn_supervisor - INFO - Horizon 02, MAE: 2.66, MAPE: 0.0551, RMSE: 6.58
2023-04-28 01:33:57,578 - model.dcrnn_supervisor - INFO - Horizon 03, MAE: 2.95, MAPE: 0.0622, RMSE: 7.54
2023-04-28 01:33:57,590 - model.dcrnn_supervisor - INFO - Horizon 04, MAE: 3.21, MAPE: 0.0682, RMSE: 8.33
2023-04-28 01:33:57,602 - model.dcrnn_supervisor - INFO - Horizon 05, MAE: 3.46, MAPE: 0.0742, RMSE: 9.05
2023-04-28 01:33:57,615 - model.dcrnn_supervisor - INFO - Horizon 06, MAE: 3.69, MAPE: 0.0796, RMSE: 9.70
2023-04-28 01:33:57,628 - model.dcrnn_supervisor - INFO - Horizon 07, MAE: 3.91, MAPE: 0.0848, RMSE: 10.26
2023-04-28 01:33:57,641 - model.dcrnn_supervisor - INFO - Horizon 08, MAE: 4.11, MAPE: 0.0896, RMSE: 10.74
2023-04-28 01:33:57,654 - model.dcrnn_supervisor - INFO - Horizon 09, MAE: 4.28, MAPE: 0.0939, RMSE: 11.16
2023-04-28 01:33:57,668 - model.dcrnn_supervisor - INFO - Horizon 10, MAE: 4.44, MAPE: 0.0978, RMSE: 11.51
2023-04-28 01:33:57,681 - model.dcrnn_supervisor - INFO - Horizon 11, MAE: 4.59, MAPE: 0.1015, RMSE: 11.84
2023-04-28 01:33:57,694 - model.dcrnn_supervisor - INFO - Horizon 12, MAE: 4.73, MAPE: 0.1050, RMSE: 12.15
2023-04-28 01:33:57,708 - model.dcrnn_supervisor - INFO - Horizon 13, MAE: 4.87, MAPE: 0.1082, RMSE: 12.45
2023-04-28 01:33:57,721 - model.dcrnn_supervisor - INFO - Horizon 14, MAE: 5.00, MAPE: 0.1113, RMSE: 12.73
2023-04-28 01:33:57,734 - model.dcrnn_supervisor - INFO - Horizon 15, MAE: 5.14, MAPE: 0.1142, RMSE: 13.00
2023-04-28 01:33:57,747 - model.dcrnn_supervisor - INFO - Horizon 16, MAE: 5.27, MAPE: 0.1170, RMSE: 13.26
2023-04-28 01:33:57,760 - model.dcrnn_supervisor - INFO - Horizon 17, MAE: 5.39, MAPE: 0.1195, RMSE: 13.49
2023-04-28 01:33:57,773 - model.dcrnn_supervisor - INFO - Horizon 18, MAE: 5.50, MAPE: 0.1218, RMSE: 13.70
2023-04-28 01:33:57,785 - model.dcrnn_supervisor - INFO - Val loss decrease from 4.3309 to 4.3307, saving to data/model/dcrnn_DR_0_h_18_64-64_lr_0.01_bs_64_0428010432/models-4.3307-26250
2023-04-28 01:34:22,316 - model.dcrnn_supervisor - INFO - Epoch [70/100] (26625) train_mae: 4.1968, val_mae: 4.3306 lr:0.000002 24.5s
2023-04-28 01:34:22,326 - model.dcrnn_supervisor - INFO - Val loss decrease from 4.3307 to 4.3306, saving to data/model/dcrnn_DR_0_h_18_64-64_lr_0.01_bs_64_0428010432/models-4.3306-26625
2023-04-28 01:34:46,414 - model.dcrnn_supervisor - INFO - Epoch [71/100] (27000) train_mae: 4.1923, val_mae: 4.3303 lr:0.000002 24.1s
2023-04-28 01:34:46,424 - model.dcrnn_supervisor - INFO - Val loss decrease from 4.3306 to 4.3303, saving to data/model/dcrnn_DR_0_h_18_64-64_lr_0.01_bs_64_0428010432/models-4.3303-27000
2023-04-28 01:35:10,971 - model.dcrnn_supervisor - INFO - Epoch [72/100] (27375) train_mae: 4.2075, val_mae: 4.3303 lr:0.000002 24.5s
2023-04-28 01:35:10,982 - model.dcrnn_supervisor - INFO - Val loss decrease from 4.3303 to 4.3303, saving to data/model/dcrnn_DR_0_h_18_64-64_lr_0.01_bs_64_0428010432/models-4.3303-27375
2023-04-28 01:35:35,114 - model.dcrnn_supervisor - INFO - Epoch [73/100] (27750) train_mae: 4.1984, val_mae: 4.3302 lr:0.000002 24.1s
2023-04-28 01:35:35,124 - model.dcrnn_supervisor - INFO - Val loss decrease from 4.3303 to 4.3302, saving to data/model/dcrnn_DR_0_h_18_64-64_lr_0.01_bs_64_0428010432/models-4.3302-27750
2023-04-28 01:35:59,509 - model.dcrnn_supervisor - INFO - Epoch [74/100] (28125) train_mae: 4.2187, val_mae: 4.3301 lr:0.000002 24.4s
2023-04-28 01:35:59,520 - model.dcrnn_supervisor - INFO - Val loss decrease from 4.3302 to 4.3301, saving to data/model/dcrnn_DR_0_h_18_64-64_lr_0.01_bs_64_0428010432/models-4.3301-28125
2023-04-28 01:36:25,571 - model.dcrnn_supervisor - INFO - Epoch [75/100] (28500) train_mae: 4.2154, val_mae: 4.3300 lr:0.000002 26.1s
2023-04-28 01:36:25,580 - model.dcrnn_supervisor - INFO - Val loss decrease from 4.3301 to 4.3300, saving to data/model/dcrnn_DR_0_h_18_64-64_lr_0.01_bs_64_0428010432/models-4.3300-28500
2023-04-28 01:36:49,859 - model.dcrnn_supervisor - INFO - Epoch [76/100] (28875) train_mae: 4.2194, val_mae: 4.3299 lr:0.000002 24.3s
2023-04-28 01:36:49,868 - model.dcrnn_supervisor - INFO - Val loss decrease from 4.3300 to 4.3299, saving to data/model/dcrnn_DR_0_h_18_64-64_lr_0.01_bs_64_0428010432/models-4.3299-28875
2023-04-28 01:37:14,733 - model.dcrnn_supervisor - INFO - Epoch [77/100] (29250) train_mae: 4.2187, val_mae: 4.3298 lr:0.000002 24.9s
2023-04-28 01:37:14,742 - model.dcrnn_supervisor - INFO - Val loss decrease from 4.3299 to 4.3298, saving to data/model/dcrnn_DR_0_h_18_64-64_lr_0.01_bs_64_0428010432/models-4.3298-29250
2023-04-28 01:37:38,906 - model.dcrnn_supervisor - INFO - Epoch [78/100] (29625) train_mae: 4.2239, val_mae: 4.3296 lr:0.000002 24.2s
2023-04-28 01:37:38,917 - model.dcrnn_supervisor - INFO - Val loss decrease from 4.3298 to 4.3296, saving to data/model/dcrnn_DR_0_h_18_64-64_lr_0.01_bs_64_0428010432/models-4.3296-29625
2023-04-28 01:38:03,557 - model.dcrnn_supervisor - INFO - Epoch [79/100] (30000) train_mae: 4.2225, val_mae: 4.3296 lr:0.000002 24.6s
2023-04-28 01:38:07,609 - model.dcrnn_supervisor - INFO - Horizon 01, MAE: 2.30, MAPE: 0.0462, RMSE: 5.25
2023-04-28 01:38:07,623 - model.dcrnn_supervisor - INFO - Horizon 02, MAE: 2.66, MAPE: 0.0551, RMSE: 6.58
2023-04-28 01:38:07,635 - model.dcrnn_supervisor - INFO - Horizon 03, MAE: 2.95, MAPE: 0.0621, RMSE: 7.53
2023-04-28 01:38:07,648 - model.dcrnn_supervisor - INFO - Horizon 04, MAE: 3.20, MAPE: 0.0682, RMSE: 8.32
2023-04-28 01:38:07,661 - model.dcrnn_supervisor - INFO - Horizon 05, MAE: 3.45, MAPE: 0.0741, RMSE: 9.04
2023-04-28 01:38:07,675 - model.dcrnn_supervisor - INFO - Horizon 06, MAE: 3.69, MAPE: 0.0796, RMSE: 9.69
2023-04-28 01:38:07,687 - model.dcrnn_supervisor - INFO - Horizon 07, MAE: 3.91, MAPE: 0.0848, RMSE: 10.25
2023-04-28 01:38:07,700 - model.dcrnn_supervisor - INFO - Horizon 08, MAE: 4.10, MAPE: 0.0896, RMSE: 10.73
2023-04-28 01:38:07,712 - model.dcrnn_supervisor - INFO - Horizon 09, MAE: 4.28, MAPE: 0.0938, RMSE: 11.15
2023-04-28 01:38:07,724 - model.dcrnn_supervisor - INFO - Horizon 10, MAE: 4.44, MAPE: 0.0977, RMSE: 11.50
2023-04-28 01:38:07,736 - model.dcrnn_supervisor - INFO - Horizon 11, MAE: 4.58, MAPE: 0.1015, RMSE: 11.83
2023-04-28 01:38:07,749 - model.dcrnn_supervisor - INFO - Horizon 12, MAE: 4.72, MAPE: 0.1050, RMSE: 12.14
2023-04-28 01:38:07,761 - model.dcrnn_supervisor - INFO - Horizon 13, MAE: 4.86, MAPE: 0.1082, RMSE: 12.44
2023-04-28 01:38:07,772 - model.dcrnn_supervisor - INFO - Horizon 14, MAE: 5.00, MAPE: 0.1112, RMSE: 12.72
2023-04-28 01:38:07,785 - model.dcrnn_supervisor - INFO - Horizon 15, MAE: 5.13, MAPE: 0.1141, RMSE: 12.99
2023-04-28 01:38:07,797 - model.dcrnn_supervisor - INFO - Horizon 16, MAE: 5.26, MAPE: 0.1169, RMSE: 13.25
2023-04-28 01:38:07,810 - model.dcrnn_supervisor - INFO - Horizon 17, MAE: 5.38, MAPE: 0.1195, RMSE: 13.48
2023-04-28 01:38:07,823 - model.dcrnn_supervisor - INFO - Horizon 18, MAE: 5.49, MAPE: 0.1218, RMSE: 13.69
2023-04-28 01:38:07,835 - model.dcrnn_supervisor - INFO - Val loss decrease from 4.3296 to 4.3296, saving to data/model/dcrnn_DR_0_h_18_64-64_lr_0.01_bs_64_0428010432/models-4.3296-30000
2023-04-28 01:38:31,753 - model.dcrnn_supervisor - INFO - Epoch [80/100] (30375) train_mae: 4.2215, val_mae: 4.3295 lr:0.000002 23.9s
2023-04-28 01:38:31,762 - model.dcrnn_supervisor - INFO - Val loss decrease from 4.3296 to 4.3295, saving to data/model/dcrnn_DR_0_h_18_64-64_lr_0.01_bs_64_0428010432/models-4.3295-30375
2023-04-28 01:38:55,744 - model.dcrnn_supervisor - INFO - Epoch [81/100] (30750) train_mae: 4.2222, val_mae: 4.3295 lr:0.000002 24.0s
2023-04-28 01:38:55,754 - model.dcrnn_supervisor - INFO - Val loss decrease from 4.3295 to 4.3295, saving to data/model/dcrnn_DR_0_h_18_64-64_lr_0.01_bs_64_0428010432/models-4.3295-30750
2023-04-28 01:39:20,443 - model.dcrnn_supervisor - INFO - Epoch [82/100] (31125) train_mae: 4.2234, val_mae: 4.3293 lr:0.000002 24.7s
2023-04-28 01:39:20,453 - model.dcrnn_supervisor - INFO - Val loss decrease from 4.3295 to 4.3293, saving to data/model/dcrnn_DR_0_h_18_64-64_lr_0.01_bs_64_0428010432/models-4.3293-31125
2023-04-28 01:39:44,529 - model.dcrnn_supervisor - INFO - Epoch [83/100] (31500) train_mae: 4.2247, val_mae: 4.3292 lr:0.000002 24.1s
2023-04-28 01:39:44,539 - model.dcrnn_supervisor - INFO - Val loss decrease from 4.3293 to 4.3292, saving to data/model/dcrnn_DR_0_h_18_64-64_lr_0.01_bs_64_0428010432/models-4.3292-31500
2023-04-28 01:40:09,074 - model.dcrnn_supervisor - INFO - Epoch [84/100] (31875) train_mae: 4.2248, val_mae: 4.3292 lr:0.000002 24.5s
2023-04-28 01:40:09,083 - model.dcrnn_supervisor - INFO - Val loss decrease from 4.3292 to 4.3292, saving to data/model/dcrnn_DR_0_h_18_64-64_lr_0.01_bs_64_0428010432/models-4.3292-31875
2023-04-28 01:40:33,028 - model.dcrnn_supervisor - INFO - Epoch [85/100] (32250) train_mae: 4.2220, val_mae: 4.3291 lr:0.000002 23.9s
2023-04-28 01:40:33,041 - model.dcrnn_supervisor - INFO - Val loss decrease from 4.3292 to 4.3291, saving to data/model/dcrnn_DR_0_h_18_64-64_lr_0.01_bs_64_0428010432/models-4.3291-32250
2023-04-28 01:40:57,219 - model.dcrnn_supervisor - INFO - Epoch [86/100] (32625) train_mae: 4.2235, val_mae: 4.3290 lr:0.000002 24.2s
2023-04-28 01:40:57,228 - model.dcrnn_supervisor - INFO - Val loss decrease from 4.3291 to 4.3290, saving to data/model/dcrnn_DR_0_h_18_64-64_lr_0.01_bs_64_0428010432/models-4.3290-32625
2023-04-28 01:41:21,957 - model.dcrnn_supervisor - INFO - Epoch [87/100] (33000) train_mae: 4.2231, val_mae: 4.3289 lr:0.000002 24.7s
2023-04-28 01:41:21,967 - model.dcrnn_supervisor - INFO - Val loss decrease from 4.3290 to 4.3289, saving to data/model/dcrnn_DR_0_h_18_64-64_lr_0.01_bs_64_0428010432/models-4.3289-33000
2023-04-28 01:41:46,265 - model.dcrnn_supervisor - INFO - Epoch [88/100] (33375) train_mae: 4.2237, val_mae: 4.3289 lr:0.000002 24.3s
2023-04-28 01:41:46,276 - model.dcrnn_supervisor - INFO - Val loss decrease from 4.3289 to 4.3289, saving to data/model/dcrnn_DR_0_h_18_64-64_lr_0.01_bs_64_0428010432/models-4.3289-33375
2023-04-28 01:42:10,922 - model.dcrnn_supervisor - INFO - Epoch [89/100] (33750) train_mae: 4.2224, val_mae: 4.3288 lr:0.000002 24.6s
2023-04-28 01:42:14,116 - model.dcrnn_supervisor - INFO - Horizon 01, MAE: 2.30, MAPE: 0.0463, RMSE: 5.25
2023-04-28 01:42:14,129 - model.dcrnn_supervisor - INFO - Horizon 02, MAE: 2.66, MAPE: 0.0551, RMSE: 6.57
2023-04-28 01:42:14,141 - model.dcrnn_supervisor - INFO - Horizon 03, MAE: 2.95, MAPE: 0.0621, RMSE: 7.53
2023-04-28 01:42:14,154 - model.dcrnn_supervisor - INFO - Horizon 04, MAE: 3.20, MAPE: 0.0682, RMSE: 8.31
2023-04-28 01:42:14,168 - model.dcrnn_supervisor - INFO - Horizon 05, MAE: 3.45, MAPE: 0.0741, RMSE: 9.03
2023-04-28 01:42:14,181 - model.dcrnn_supervisor - INFO - Horizon 06, MAE: 3.69, MAPE: 0.0796, RMSE: 9.68
2023-04-28 01:42:14,194 - model.dcrnn_supervisor - INFO - Horizon 07, MAE: 3.90, MAPE: 0.0848, RMSE: 10.24
2023-04-28 01:42:14,207 - model.dcrnn_supervisor - INFO - Horizon 08, MAE: 4.10, MAPE: 0.0896, RMSE: 10.72
2023-04-28 01:42:14,220 - model.dcrnn_supervisor - INFO - Horizon 09, MAE: 4.27, MAPE: 0.0938, RMSE: 11.13
2023-04-28 01:42:14,233 - model.dcrnn_supervisor - INFO - Horizon 10, MAE: 4.43, MAPE: 0.0976, RMSE: 11.49
2023-04-28 01:42:14,247 - model.dcrnn_supervisor - INFO - Horizon 11, MAE: 4.57, MAPE: 0.1014, RMSE: 11.81
2023-04-28 01:42:14,260 - model.dcrnn_supervisor - INFO - Horizon 12, MAE: 4.72, MAPE: 0.1049, RMSE: 12.12
2023-04-28 01:42:14,273 - model.dcrnn_supervisor - INFO - Horizon 13, MAE: 4.86, MAPE: 0.1081, RMSE: 12.42
2023-04-28 01:42:14,286 - model.dcrnn_supervisor - INFO - Horizon 14, MAE: 4.99, MAPE: 0.1111, RMSE: 12.70
2023-04-28 01:42:14,299 - model.dcrnn_supervisor - INFO - Horizon 15, MAE: 5.12, MAPE: 0.1140, RMSE: 12.97
2023-04-28 01:42:14,312 - model.dcrnn_supervisor - INFO - Horizon 16, MAE: 5.25, MAPE: 0.1168, RMSE: 13.23
2023-04-28 01:42:14,324 - model.dcrnn_supervisor - INFO - Horizon 17, MAE: 5.37, MAPE: 0.1194, RMSE: 13.46
2023-04-28 01:42:14,336 - model.dcrnn_supervisor - INFO - Horizon 18, MAE: 5.48, MAPE: 0.1217, RMSE: 13.68
2023-04-28 01:42:14,347 - model.dcrnn_supervisor - INFO - Val loss decrease from 4.3289 to 4.3288, saving to data/model/dcrnn_DR_0_h_18_64-64_lr_0.01_bs_64_0428010432/models-4.3288-33750
2023-04-28 01:42:38,628 - model.dcrnn_supervisor - INFO - Epoch [90/100] (34125) train_mae: 4.2231, val_mae: 4.3287 lr:0.000002 24.3s
2023-04-28 01:42:38,639 - model.dcrnn_supervisor - INFO - Val loss decrease from 4.3288 to 4.3287, saving to data/model/dcrnn_DR_0_h_18_64-64_lr_0.01_bs_64_0428010432/models-4.3287-34125
2023-04-28 01:43:03,714 - model.dcrnn_supervisor - INFO - Epoch [91/100] (34500) train_mae: 4.2221, val_mae: 4.3286 lr:0.000002 25.1s
2023-04-28 01:43:03,731 - model.dcrnn_supervisor - INFO - Val loss decrease from 4.3287 to 4.3286, saving to data/model/dcrnn_DR_0_h_18_64-64_lr_0.01_bs_64_0428010432/models-4.3286-34500
2023-04-28 01:43:28,774 - model.dcrnn_supervisor - INFO - Epoch [92/100] (34875) train_mae: 4.2201, val_mae: 4.3285 lr:0.000002 25.0s
2023-04-28 01:43:28,783 - model.dcrnn_supervisor - INFO - Val loss decrease from 4.3286 to 4.3285, saving to data/model/dcrnn_DR_0_h_18_64-64_lr_0.01_bs_64_0428010432/models-4.3285-34875
2023-04-28 01:43:53,176 - model.dcrnn_supervisor - INFO - Epoch [93/100] (35250) train_mae: 4.2215, val_mae: 4.3284 lr:0.000002 24.4s
2023-04-28 01:43:53,186 - model.dcrnn_supervisor - INFO - Val loss decrease from 4.3285 to 4.3284, saving to data/model/dcrnn_DR_0_h_18_64-64_lr_0.01_bs_64_0428010432/models-4.3284-35250
2023-04-28 01:44:18,212 - model.dcrnn_supervisor - INFO - Epoch [94/100] (35625) train_mae: 4.2213, val_mae: 4.3283 lr:0.000002 25.0s
2023-04-28 01:44:18,222 - model.dcrnn_supervisor - INFO - Val loss decrease from 4.3284 to 4.3283, saving to data/model/dcrnn_DR_0_h_18_64-64_lr_0.01_bs_64_0428010432/models-4.3283-35625
2023-04-28 01:44:42,543 - model.dcrnn_supervisor - INFO - Epoch [95/100] (36000) train_mae: 4.2218, val_mae: 4.3283 lr:0.000002 24.3s
2023-04-28 01:44:42,552 - model.dcrnn_supervisor - INFO - Val loss decrease from 4.3283 to 4.3283, saving to data/model/dcrnn_DR_0_h_18_64-64_lr_0.01_bs_64_0428010432/models-4.3283-36000
2023-04-28 01:45:07,496 - model.dcrnn_supervisor - INFO - Epoch [96/100] (36375) train_mae: 4.2207, val_mae: 4.3280 lr:0.000002 24.9s
2023-04-28 01:45:07,507 - model.dcrnn_supervisor - INFO - Val loss decrease from 4.3283 to 4.3280, saving to data/model/dcrnn_DR_0_h_18_64-64_lr_0.01_bs_64_0428010432/models-4.3280-36375
2023-04-28 01:45:31,777 - model.dcrnn_supervisor - INFO - Epoch [97/100] (36750) train_mae: 4.2213, val_mae: 4.3280 lr:0.000002 24.3s
2023-04-28 01:45:31,787 - model.dcrnn_supervisor - INFO - Val loss decrease from 4.3280 to 4.3280, saving to data/model/dcrnn_DR_0_h_18_64-64_lr_0.01_bs_64_0428010432/models-4.3280-36750
2023-04-28 01:45:56,002 - model.dcrnn_supervisor - INFO - Epoch [98/100] (37125) train_mae: 4.2211, val_mae: 4.3281 lr:0.000002 24.2s
2023-04-28 01:46:20,568 - model.dcrnn_supervisor - INFO - Epoch [99/100] (37500) train_mae: 4.2209, val_mae: 4.3279 lr:0.000002 24.6s
2023-04-28 01:46:23,767 - model.dcrnn_supervisor - INFO - Horizon 01, MAE: 2.30, MAPE: 0.0463, RMSE: 5.25
2023-04-28 01:46:23,779 - model.dcrnn_supervisor - INFO - Horizon 02, MAE: 2.66, MAPE: 0.0550, RMSE: 6.57
2023-04-28 01:46:23,791 - model.dcrnn_supervisor - INFO - Horizon 03, MAE: 2.95, MAPE: 0.0621, RMSE: 7.52
2023-04-28 01:46:23,804 - model.dcrnn_supervisor - INFO - Horizon 04, MAE: 3.20, MAPE: 0.0681, RMSE: 8.31
2023-04-28 01:46:23,816 - model.dcrnn_supervisor - INFO - Horizon 05, MAE: 3.45, MAPE: 0.0741, RMSE: 9.03
2023-04-28 01:46:23,829 - model.dcrnn_supervisor - INFO - Horizon 06, MAE: 3.68, MAPE: 0.0795, RMSE: 9.68
2023-04-28 01:46:23,842 - model.dcrnn_supervisor - INFO - Horizon 07, MAE: 3.90, MAPE: 0.0848, RMSE: 10.23
2023-04-28 01:46:23,855 - model.dcrnn_supervisor - INFO - Horizon 08, MAE: 4.09, MAPE: 0.0895, RMSE: 10.70
2023-04-28 01:46:23,868 - model.dcrnn_supervisor - INFO - Horizon 09, MAE: 4.27, MAPE: 0.0937, RMSE: 11.11
2023-04-28 01:46:23,881 - model.dcrnn_supervisor - INFO - Horizon 10, MAE: 4.42, MAPE: 0.0976, RMSE: 11.47
2023-04-28 01:46:23,894 - model.dcrnn_supervisor - INFO - Horizon 11, MAE: 4.57, MAPE: 0.1013, RMSE: 11.79
2023-04-28 01:46:23,907 - model.dcrnn_supervisor - INFO - Horizon 12, MAE: 4.71, MAPE: 0.1048, RMSE: 12.10
2023-04-28 01:46:23,920 - model.dcrnn_supervisor - INFO - Horizon 13, MAE: 4.85, MAPE: 0.1080, RMSE: 12.40
2023-04-28 01:46:23,933 - model.dcrnn_supervisor - INFO - Horizon 14, MAE: 4.98, MAPE: 0.1110, RMSE: 12.69
2023-04-28 01:46:23,946 - model.dcrnn_supervisor - INFO - Horizon 15, MAE: 5.12, MAPE: 0.1139, RMSE: 12.96
2023-04-28 01:46:23,959 - model.dcrnn_supervisor - INFO - Horizon 16, MAE: 5.25, MAPE: 0.1167, RMSE: 13.22
2023-04-28 01:46:23,972 - model.dcrnn_supervisor - INFO - Horizon 17, MAE: 5.36, MAPE: 0.1193, RMSE: 13.45
2023-04-28 01:46:23,985 - model.dcrnn_supervisor - INFO - Horizon 18, MAE: 5.47, MAPE: 0.1216, RMSE: 13.66
2023-04-28 01:46:23,997 - model.dcrnn_supervisor - INFO - Val loss decrease from 4.3280 to 4.3279, saving to data/model/dcrnn_DR_0_h_18_64-64_lr_0.01_bs_64_0428010432/models-4.3279-37500
2023-04-28 01:46:48,183 - model.dcrnn_supervisor - INFO - Epoch [100/100] (37875) train_mae: 4.2206, val_mae: 4.3280 lr:0.000002 24.2s
