2023-04-15 16:02:07,958 - model.dcrnn_supervisor - INFO - Log directory: data/model/dcrnn_L_2_h_18_64-64_lr_0.01_bs_64_0415160207/
2023-04-15 16:02:07,959 - model.dcrnn_supervisor - INFO - {'base_dir': 'data/model', 'log_level': 'INFO', 'data': {'batch_size': 64, 'dataset_dir': 'data/METR-LA', 'test_batch_size': 64, 'val_batch_size': 64, 'graph_pkl_filename': 'data/sensor_graph/adj_mx.pkl'}, 'model': {'cl_decay_steps': 2000, 'filter_type': 'laplacian', 'horizon': 18, 'input_dim': 2, 'l1_decay': 0, 'max_diffusion_step': 2, 'num_nodes': 50, 'num_rnn_layers': 2, 'output_dim': 1, 'rnn_units': 64, 'seq_len': 18, 'use_curriculum_learning': True}, 'train': {'base_lr': 0.01, 'dropout': 0, 'epoch': 0, 'epochs': 100, 'epsilon': 0.001, 'global_step': 0, 'lr_decay_ratio': 0.1, 'max_grad_norm': 5, 'max_to_keep': 100, 'min_learning_rate': 2e-06, 'optimizer': 'adam', 'patience': 10, 'steps': [20, 30, 40, 50], 'test_every_n_epochs': 10}}
2023-04-15 16:02:10,637 - model.dcrnn_supervisor - INFO - ('x_train', (23966, 18, 50, 2))
2023-04-15 16:02:10,637 - model.dcrnn_supervisor - INFO - ('y_train', (23966, 18, 50, 2))
2023-04-15 16:02:10,638 - model.dcrnn_supervisor - INFO - ('x_val', (3424, 18, 50, 2))
2023-04-15 16:02:10,638 - model.dcrnn_supervisor - INFO - ('y_val', (3424, 18, 50, 2))
2023-04-15 16:02:10,638 - model.dcrnn_supervisor - INFO - ('x_test', (6847, 18, 50, 2))
2023-04-15 16:02:10,638 - model.dcrnn_supervisor - INFO - ('y_test', (6847, 18, 50, 2))
2023-04-15 16:02:24,722 - model.dcrnn_supervisor - INFO - Total number of trainable parameters: 223744
2023-04-15 16:02:25,977 - model.dcrnn_supervisor - INFO - Start training ...
2023-04-15 16:03:31,296 - model.dcrnn_supervisor - INFO - Epoch [0/100] (375) train_mae: 2.9282, val_mae: 5.0793 lr:0.010000 64.9s
2023-04-15 16:03:31,780 - model.dcrnn_supervisor - INFO - Val loss decrease from inf to 5.0793, saving to data/model/dcrnn_L_2_h_18_64-64_lr_0.01_bs_64_0415160207/models-5.0793-375
2023-04-15 16:04:35,990 - model.dcrnn_supervisor - INFO - Epoch [1/100] (750) train_mae: 2.4138, val_mae: 4.9004 lr:0.010000 64.2s
2023-04-15 16:04:36,000 - model.dcrnn_supervisor - INFO - Val loss decrease from 5.0793 to 4.9004, saving to data/model/dcrnn_L_2_h_18_64-64_lr_0.01_bs_64_0415160207/models-4.9004-750
2023-04-15 16:05:40,842 - model.dcrnn_supervisor - INFO - Epoch [2/100] (1125) train_mae: 2.3443, val_mae: 4.5945 lr:0.010000 64.8s
2023-04-15 16:05:40,853 - model.dcrnn_supervisor - INFO - Val loss decrease from 4.9004 to 4.5945, saving to data/model/dcrnn_L_2_h_18_64-64_lr_0.01_bs_64_0415160207/models-4.5945-1125
2023-04-15 16:06:45,409 - model.dcrnn_supervisor - INFO - Epoch [3/100] (1500) train_mae: 2.3164, val_mae: 4.7717 lr:0.010000 64.6s
2023-04-15 16:07:49,237 - model.dcrnn_supervisor - INFO - Epoch [4/100] (1875) train_mae: 2.2864, val_mae: 4.4667 lr:0.010000 63.8s
2023-04-15 16:07:49,249 - model.dcrnn_supervisor - INFO - Val loss decrease from 4.5945 to 4.4667, saving to data/model/dcrnn_L_2_h_18_64-64_lr_0.01_bs_64_0415160207/models-4.4667-1875
2023-04-15 16:08:53,405 - model.dcrnn_supervisor - INFO - Epoch [5/100] (2250) train_mae: 2.2666, val_mae: 4.4124 lr:0.010000 64.2s
2023-04-15 16:08:53,415 - model.dcrnn_supervisor - INFO - Val loss decrease from 4.4667 to 4.4124, saving to data/model/dcrnn_L_2_h_18_64-64_lr_0.01_bs_64_0415160207/models-4.4124-2250
2023-04-15 16:09:57,337 - model.dcrnn_supervisor - INFO - Epoch [6/100] (2625) train_mae: 2.2543, val_mae: 4.4239 lr:0.010000 63.9s
2023-04-15 16:11:02,072 - model.dcrnn_supervisor - INFO - Epoch [7/100] (3000) train_mae: 2.2394, val_mae: 4.2847 lr:0.010000 64.7s
2023-04-15 16:11:02,090 - model.dcrnn_supervisor - INFO - Val loss decrease from 4.4124 to 4.2847, saving to data/model/dcrnn_L_2_h_18_64-64_lr_0.01_bs_64_0415160207/models-4.2847-3000
2023-04-15 16:12:07,197 - model.dcrnn_supervisor - INFO - Epoch [8/100] (3375) train_mae: 2.2317, val_mae: 4.2395 lr:0.010000 65.1s
2023-04-15 16:12:07,209 - model.dcrnn_supervisor - INFO - Val loss decrease from 4.2847 to 4.2395, saving to data/model/dcrnn_L_2_h_18_64-64_lr_0.01_bs_64_0415160207/models-4.2395-3375
2023-04-15 16:13:11,150 - model.dcrnn_supervisor - INFO - Epoch [9/100] (3750) train_mae: 2.2282, val_mae: 4.2534 lr:0.010000 63.9s
2023-04-15 16:13:20,129 - model.dcrnn_supervisor - INFO - Horizon 01, MAE: 2.31, MAPE: 0.0466, RMSE: 5.42
2023-04-15 16:13:20,140 - model.dcrnn_supervisor - INFO - Horizon 02, MAE: 2.69, MAPE: 0.0559, RMSE: 6.80
2023-04-15 16:13:20,152 - model.dcrnn_supervisor - INFO - Horizon 03, MAE: 2.97, MAPE: 0.0630, RMSE: 7.73
2023-04-15 16:13:20,164 - model.dcrnn_supervisor - INFO - Horizon 04, MAE: 3.20, MAPE: 0.0688, RMSE: 8.50
2023-04-15 16:13:20,177 - model.dcrnn_supervisor - INFO - Horizon 05, MAE: 3.43, MAPE: 0.0741, RMSE: 9.19
2023-04-15 16:13:20,190 - model.dcrnn_supervisor - INFO - Horizon 06, MAE: 3.64, MAPE: 0.0789, RMSE: 9.82
2023-04-15 16:13:20,204 - model.dcrnn_supervisor - INFO - Horizon 07, MAE: 3.84, MAPE: 0.0834, RMSE: 10.34
2023-04-15 16:13:20,217 - model.dcrnn_supervisor - INFO - Horizon 08, MAE: 4.02, MAPE: 0.0878, RMSE: 10.83
2023-04-15 16:13:20,230 - model.dcrnn_supervisor - INFO - Horizon 09, MAE: 4.20, MAPE: 0.0919, RMSE: 11.28
2023-04-15 16:13:20,243 - model.dcrnn_supervisor - INFO - Horizon 10, MAE: 4.34, MAPE: 0.0952, RMSE: 11.62
2023-04-15 16:13:20,256 - model.dcrnn_supervisor - INFO - Horizon 11, MAE: 4.47, MAPE: 0.0985, RMSE: 11.93
2023-04-15 16:13:20,269 - model.dcrnn_supervisor - INFO - Horizon 12, MAE: 4.60, MAPE: 0.1014, RMSE: 12.22
2023-04-15 16:13:20,281 - model.dcrnn_supervisor - INFO - Horizon 13, MAE: 4.72, MAPE: 0.1042, RMSE: 12.50
2023-04-15 16:13:20,294 - model.dcrnn_supervisor - INFO - Horizon 14, MAE: 4.84, MAPE: 0.1067, RMSE: 12.76
2023-04-15 16:13:20,306 - model.dcrnn_supervisor - INFO - Horizon 15, MAE: 4.96, MAPE: 0.1091, RMSE: 13.01
2023-04-15 16:13:20,318 - model.dcrnn_supervisor - INFO - Horizon 16, MAE: 5.07, MAPE: 0.1111, RMSE: 13.25
2023-04-15 16:13:20,330 - model.dcrnn_supervisor - INFO - Horizon 17, MAE: 5.16, MAPE: 0.1129, RMSE: 13.46
2023-04-15 16:13:20,342 - model.dcrnn_supervisor - INFO - Horizon 18, MAE: 5.25, MAPE: 0.1145, RMSE: 13.65
2023-04-15 16:14:24,108 - model.dcrnn_supervisor - INFO - Epoch [10/100] (4125) train_mae: 2.2071, val_mae: 4.2521 lr:0.010000 63.8s
2023-04-15 16:15:28,000 - model.dcrnn_supervisor - INFO - Epoch [11/100] (4500) train_mae: 2.1993, val_mae: 4.3121 lr:0.010000 63.9s
2023-04-15 16:16:32,059 - model.dcrnn_supervisor - INFO - Epoch [12/100] (4875) train_mae: 2.1991, val_mae: 4.2093 lr:0.010000 64.1s
2023-04-15 16:16:32,069 - model.dcrnn_supervisor - INFO - Val loss decrease from 4.2395 to 4.2093, saving to data/model/dcrnn_L_2_h_18_64-64_lr_0.01_bs_64_0415160207/models-4.2093-4875
2023-04-15 16:17:35,828 - model.dcrnn_supervisor - INFO - Epoch [13/100] (5250) train_mae: 2.1980, val_mae: 4.2766 lr:0.010000 63.8s
2023-04-15 16:18:39,603 - model.dcrnn_supervisor - INFO - Epoch [14/100] (5625) train_mae: 2.1883, val_mae: 4.2015 lr:0.010000 63.8s
2023-04-15 16:18:39,614 - model.dcrnn_supervisor - INFO - Val loss decrease from 4.2093 to 4.2015, saving to data/model/dcrnn_L_2_h_18_64-64_lr_0.01_bs_64_0415160207/models-4.2015-5625
2023-04-15 16:19:43,277 - model.dcrnn_supervisor - INFO - Epoch [15/100] (6000) train_mae: 2.1773, val_mae: 4.2605 lr:0.010000 63.7s
2023-04-15 16:20:46,712 - model.dcrnn_supervisor - INFO - Epoch [16/100] (6375) train_mae: 2.1752, val_mae: 4.2496 lr:0.010000 63.4s
2023-04-15 16:21:50,274 - model.dcrnn_supervisor - INFO - Epoch [17/100] (6750) train_mae: 2.1825, val_mae: 4.2105 lr:0.010000 63.6s
2023-04-15 16:22:53,861 - model.dcrnn_supervisor - INFO - Epoch [18/100] (7125) train_mae: 2.1780, val_mae: 4.2239 lr:0.010000 63.6s
2023-04-15 16:23:57,612 - model.dcrnn_supervisor - INFO - Epoch [19/100] (7500) train_mae: 2.1829, val_mae: 4.1930 lr:0.010000 63.7s
2023-04-15 16:24:06,642 - model.dcrnn_supervisor - INFO - Horizon 01, MAE: 2.29, MAPE: 0.0458, RMSE: 5.44
2023-04-15 16:24:06,653 - model.dcrnn_supervisor - INFO - Horizon 02, MAE: 2.66, MAPE: 0.0549, RMSE: 6.83
2023-04-15 16:24:06,664 - model.dcrnn_supervisor - INFO - Horizon 03, MAE: 2.94, MAPE: 0.0615, RMSE: 7.77
2023-04-15 16:24:06,676 - model.dcrnn_supervisor - INFO - Horizon 04, MAE: 3.18, MAPE: 0.0673, RMSE: 8.55
2023-04-15 16:24:06,689 - model.dcrnn_supervisor - INFO - Horizon 05, MAE: 3.40, MAPE: 0.0724, RMSE: 9.26
2023-04-15 16:24:06,702 - model.dcrnn_supervisor - INFO - Horizon 06, MAE: 3.62, MAPE: 0.0771, RMSE: 9.88
2023-04-15 16:24:06,714 - model.dcrnn_supervisor - INFO - Horizon 07, MAE: 3.80, MAPE: 0.0813, RMSE: 10.42
2023-04-15 16:24:06,727 - model.dcrnn_supervisor - INFO - Horizon 08, MAE: 3.99, MAPE: 0.0856, RMSE: 10.89
2023-04-15 16:24:06,740 - model.dcrnn_supervisor - INFO - Horizon 09, MAE: 4.16, MAPE: 0.0895, RMSE: 11.34
2023-04-15 16:24:06,754 - model.dcrnn_supervisor - INFO - Horizon 10, MAE: 4.30, MAPE: 0.0926, RMSE: 11.68
2023-04-15 16:24:06,767 - model.dcrnn_supervisor - INFO - Horizon 11, MAE: 4.43, MAPE: 0.0956, RMSE: 11.98
2023-04-15 16:24:06,780 - model.dcrnn_supervisor - INFO - Horizon 12, MAE: 4.55, MAPE: 0.0983, RMSE: 12.27
2023-04-15 16:24:06,793 - model.dcrnn_supervisor - INFO - Horizon 13, MAE: 4.67, MAPE: 0.1009, RMSE: 12.55
2023-04-15 16:24:06,806 - model.dcrnn_supervisor - INFO - Horizon 14, MAE: 4.79, MAPE: 0.1035, RMSE: 12.81
2023-04-15 16:24:06,818 - model.dcrnn_supervisor - INFO - Horizon 15, MAE: 4.90, MAPE: 0.1059, RMSE: 13.06
2023-04-15 16:24:06,829 - model.dcrnn_supervisor - INFO - Horizon 16, MAE: 5.01, MAPE: 0.1080, RMSE: 13.31
2023-04-15 16:24:06,841 - model.dcrnn_supervisor - INFO - Horizon 17, MAE: 5.11, MAPE: 0.1099, RMSE: 13.52
2023-04-15 16:24:06,853 - model.dcrnn_supervisor - INFO - Horizon 18, MAE: 5.21, MAPE: 0.1117, RMSE: 13.72
2023-04-15 16:24:06,866 - model.dcrnn_supervisor - INFO - Val loss decrease from 4.2015 to 4.1930, saving to data/model/dcrnn_L_2_h_18_64-64_lr_0.01_bs_64_0415160207/models-4.1930-7500
2023-04-15 16:25:10,855 - model.dcrnn_supervisor - INFO - Epoch [20/100] (7875) train_mae: 2.1414, val_mae: 4.1751 lr:0.001000 64.0s
2023-04-15 16:25:10,865 - model.dcrnn_supervisor - INFO - Val loss decrease from 4.1930 to 4.1751, saving to data/model/dcrnn_L_2_h_18_64-64_lr_0.01_bs_64_0415160207/models-4.1751-7875
2023-04-15 16:26:15,455 - model.dcrnn_supervisor - INFO - Epoch [21/100] (8250) train_mae: 2.1363, val_mae: 4.1742 lr:0.001000 64.6s
2023-04-15 16:26:15,467 - model.dcrnn_supervisor - INFO - Val loss decrease from 4.1751 to 4.1742, saving to data/model/dcrnn_L_2_h_18_64-64_lr_0.01_bs_64_0415160207/models-4.1742-8250
2023-04-15 16:27:19,849 - model.dcrnn_supervisor - INFO - Epoch [22/100] (8625) train_mae: 2.1368, val_mae: 4.1812 lr:0.001000 64.4s
2023-04-15 16:28:23,981 - model.dcrnn_supervisor - INFO - Epoch [23/100] (9000) train_mae: 2.1388, val_mae: 4.1778 lr:0.001000 64.1s
2023-04-15 16:29:28,053 - model.dcrnn_supervisor - INFO - Epoch [24/100] (9375) train_mae: 2.1369, val_mae: 4.1736 lr:0.001000 64.1s
2023-04-15 16:29:28,063 - model.dcrnn_supervisor - INFO - Val loss decrease from 4.1742 to 4.1736, saving to data/model/dcrnn_L_2_h_18_64-64_lr_0.01_bs_64_0415160207/models-4.1736-9375
2023-04-15 16:30:32,151 - model.dcrnn_supervisor - INFO - Epoch [25/100] (9750) train_mae: 2.1397, val_mae: 4.1815 lr:0.001000 64.1s
2023-04-15 16:31:36,099 - model.dcrnn_supervisor - INFO - Epoch [26/100] (10125) train_mae: 2.1455, val_mae: 4.1823 lr:0.001000 63.9s
2023-04-15 16:32:40,220 - model.dcrnn_supervisor - INFO - Epoch [27/100] (10500) train_mae: 2.1475, val_mae: 4.1798 lr:0.001000 64.1s
2023-04-15 16:33:44,150 - model.dcrnn_supervisor - INFO - Epoch [28/100] (10875) train_mae: 2.1590, val_mae: 4.1842 lr:0.001000 63.9s
2023-04-15 16:34:48,038 - model.dcrnn_supervisor - INFO - Epoch [29/100] (11250) train_mae: 2.1612, val_mae: 4.1817 lr:0.001000 63.9s
2023-04-15 16:34:57,133 - model.dcrnn_supervisor - INFO - Horizon 01, MAE: 2.27, MAPE: 0.0451, RMSE: 5.39
2023-04-15 16:34:57,144 - model.dcrnn_supervisor - INFO - Horizon 02, MAE: 2.63, MAPE: 0.0540, RMSE: 6.79
2023-04-15 16:34:57,156 - model.dcrnn_supervisor - INFO - Horizon 03, MAE: 2.91, MAPE: 0.0606, RMSE: 7.74
2023-04-15 16:34:57,167 - model.dcrnn_supervisor - INFO - Horizon 04, MAE: 3.14, MAPE: 0.0664, RMSE: 8.51
2023-04-15 16:34:57,180 - model.dcrnn_supervisor - INFO - Horizon 05, MAE: 3.37, MAPE: 0.0716, RMSE: 9.21
2023-04-15 16:34:57,193 - model.dcrnn_supervisor - INFO - Horizon 06, MAE: 3.58, MAPE: 0.0765, RMSE: 9.84
2023-04-15 16:34:57,205 - model.dcrnn_supervisor - INFO - Horizon 07, MAE: 3.77, MAPE: 0.0806, RMSE: 10.37
2023-04-15 16:34:57,217 - model.dcrnn_supervisor - INFO - Horizon 08, MAE: 3.95, MAPE: 0.0849, RMSE: 10.85
2023-04-15 16:34:57,229 - model.dcrnn_supervisor - INFO - Horizon 09, MAE: 4.11, MAPE: 0.0887, RMSE: 11.29
2023-04-15 16:34:57,241 - model.dcrnn_supervisor - INFO - Horizon 10, MAE: 4.25, MAPE: 0.0919, RMSE: 11.62
2023-04-15 16:34:57,252 - model.dcrnn_supervisor - INFO - Horizon 11, MAE: 4.37, MAPE: 0.0949, RMSE: 11.91
2023-04-15 16:34:57,264 - model.dcrnn_supervisor - INFO - Horizon 12, MAE: 4.49, MAPE: 0.0976, RMSE: 12.20
2023-04-15 16:34:57,276 - model.dcrnn_supervisor - INFO - Horizon 13, MAE: 4.61, MAPE: 0.1002, RMSE: 12.47
2023-04-15 16:34:57,288 - model.dcrnn_supervisor - INFO - Horizon 14, MAE: 4.72, MAPE: 0.1027, RMSE: 12.73
2023-04-15 16:34:57,300 - model.dcrnn_supervisor - INFO - Horizon 15, MAE: 4.84, MAPE: 0.1051, RMSE: 12.98
2023-04-15 16:34:57,312 - model.dcrnn_supervisor - INFO - Horizon 16, MAE: 4.95, MAPE: 0.1074, RMSE: 13.23
2023-04-15 16:34:57,324 - model.dcrnn_supervisor - INFO - Horizon 17, MAE: 5.05, MAPE: 0.1095, RMSE: 13.44
2023-04-15 16:34:57,337 - model.dcrnn_supervisor - INFO - Horizon 18, MAE: 5.14, MAPE: 0.1114, RMSE: 13.65
2023-04-15 16:36:01,953 - model.dcrnn_supervisor - INFO - Epoch [30/100] (11625) train_mae: 2.1689, val_mae: 4.1762 lr:0.000100 64.6s
2023-04-15 16:37:06,957 - model.dcrnn_supervisor - INFO - Epoch [31/100] (12000) train_mae: 2.1774, val_mae: 4.1779 lr:0.000100 65.0s
2023-04-15 16:38:10,882 - model.dcrnn_supervisor - INFO - Epoch [32/100] (12375) train_mae: 2.1912, val_mae: 4.1774 lr:0.000100 63.9s
2023-04-15 16:39:14,851 - model.dcrnn_supervisor - INFO - Epoch [33/100] (12750) train_mae: 2.2022, val_mae: 4.1761 lr:0.000100 64.0s
2023-04-15 16:40:18,871 - model.dcrnn_supervisor - INFO - Epoch [34/100] (13125) train_mae: 2.2354, val_mae: 4.1725 lr:0.000100 64.0s
2023-04-15 16:40:18,881 - model.dcrnn_supervisor - INFO - Val loss decrease from 4.1736 to 4.1725, saving to data/model/dcrnn_L_2_h_18_64-64_lr_0.01_bs_64_0415160207/models-4.1725-13125
2023-04-15 16:41:22,924 - model.dcrnn_supervisor - INFO - Epoch [35/100] (13500) train_mae: 2.2480, val_mae: 4.1751 lr:0.000100 64.0s
2023-04-15 16:42:26,954 - model.dcrnn_supervisor - INFO - Epoch [36/100] (13875) train_mae: 2.2751, val_mae: 4.1723 lr:0.000100 64.0s
2023-04-15 16:42:26,965 - model.dcrnn_supervisor - INFO - Val loss decrease from 4.1725 to 4.1723, saving to data/model/dcrnn_L_2_h_18_64-64_lr_0.01_bs_64_0415160207/models-4.1723-13875
2023-04-15 16:43:30,958 - model.dcrnn_supervisor - INFO - Epoch [37/100] (14250) train_mae: 2.3036, val_mae: 4.1701 lr:0.000100 64.0s
2023-04-15 16:43:30,969 - model.dcrnn_supervisor - INFO - Val loss decrease from 4.1723 to 4.1701, saving to data/model/dcrnn_L_2_h_18_64-64_lr_0.01_bs_64_0415160207/models-4.1701-14250
2023-04-15 16:44:34,999 - model.dcrnn_supervisor - INFO - Epoch [38/100] (14625) train_mae: 2.3321, val_mae: 4.1697 lr:0.000100 64.0s
2023-04-15 19:00:41,033 - model.dcrnn_supervisor - INFO - Log directory: data/model/dcrnn_L_2_h_18_64-64_lr_0.01_bs_64_0415160207/
2023-04-15 19:00:41,034 - model.dcrnn_supervisor - INFO - {'base_dir': 'data/model', 'data': {'batch_size': 64, 'dataset_dir': 'data/METR-LA', 'graph_pkl_filename': 'data/sensor_graph/adj_mx.pkl', 'test_batch_size': 64, 'val_batch_size': 64}, 'log_level': 'INFO', 'model': {'cl_decay_steps': 2000, 'filter_type': 'laplacian', 'horizon': 18, 'input_dim': 2, 'l1_decay': 0, 'max_diffusion_step': 2, 'num_nodes': 50, 'num_rnn_layers': 2, 'output_dim': 1, 'rnn_units': 64, 'seq_len': 18, 'use_curriculum_learning': True}, 'train': {'base_lr': 0.01, 'dropout': 0, 'epoch': 37, 'epochs': 100, 'epsilon': 0.001, 'global_step': 14250, 'log_dir': 'data/model/dcrnn_L_2_h_18_64-64_lr_0.01_bs_64_0415160207/', 'lr_decay_ratio': 0.1, 'max_grad_norm': 5, 'max_to_keep': 100, 'min_learning_rate': 2e-06, 'model_filename': 'data/model/dcrnn_L_2_h_18_64-64_lr_0.01_bs_64_0415160207/models-4.1701-14250', 'optimizer': 'adam', 'patience': 10, 'steps': [20, 30, 40, 50], 'test_every_n_epochs': 10}}
2023-04-15 19:00:43,722 - model.dcrnn_supervisor - INFO - ('x_train', (23966, 18, 50, 2))
2023-04-15 19:00:43,722 - model.dcrnn_supervisor - INFO - ('y_train', (23966, 18, 50, 2))
2023-04-15 19:00:43,722 - model.dcrnn_supervisor - INFO - ('x_val', (3424, 18, 50, 2))
2023-04-15 19:00:43,722 - model.dcrnn_supervisor - INFO - ('y_val', (3424, 18, 50, 2))
2023-04-15 19:00:43,722 - model.dcrnn_supervisor - INFO - ('x_test', (6847, 18, 50, 2))
2023-04-15 19:00:43,723 - model.dcrnn_supervisor - INFO - ('y_test', (6847, 18, 50, 2))
2023-04-15 19:00:57,964 - model.dcrnn_supervisor - INFO - Total number of trainable parameters: 223744
2023-04-15 19:00:59,174 - model.dcrnn_supervisor - INFO - Start training ...
2023-04-15 19:02:04,836 - model.dcrnn_supervisor - INFO - Epoch [38/100] (14625) train_mae: 2.3279, val_mae: 4.1609 lr:0.000100 65.2s
2023-04-15 19:02:05,310 - model.dcrnn_supervisor - INFO - Val loss decrease from inf to 4.1609, saving to data/model/dcrnn_L_2_h_18_64-64_lr_0.01_bs_64_0415160207/models-4.1609-14625
2023-04-15 19:03:09,413 - model.dcrnn_supervisor - INFO - Epoch [39/100] (15000) train_mae: 2.3721, val_mae: 4.1643 lr:0.000100 64.1s
2023-04-15 19:03:18,438 - model.dcrnn_supervisor - INFO - Horizon 01, MAE: 2.26, MAPE: 0.0452, RMSE: 5.37
2023-04-15 19:03:18,450 - model.dcrnn_supervisor - INFO - Horizon 02, MAE: 2.63, MAPE: 0.0539, RMSE: 6.77
2023-04-15 19:03:18,462 - model.dcrnn_supervisor - INFO - Horizon 03, MAE: 2.90, MAPE: 0.0605, RMSE: 7.72
2023-04-15 19:03:18,474 - model.dcrnn_supervisor - INFO - Horizon 04, MAE: 3.14, MAPE: 0.0661, RMSE: 8.49
2023-04-15 19:03:18,488 - model.dcrnn_supervisor - INFO - Horizon 05, MAE: 3.36, MAPE: 0.0711, RMSE: 9.20
2023-04-15 19:03:18,501 - model.dcrnn_supervisor - INFO - Horizon 06, MAE: 3.58, MAPE: 0.0758, RMSE: 9.83
2023-04-15 19:03:18,514 - model.dcrnn_supervisor - INFO - Horizon 07, MAE: 3.76, MAPE: 0.0798, RMSE: 10.35
2023-04-15 19:03:18,526 - model.dcrnn_supervisor - INFO - Horizon 08, MAE: 3.94, MAPE: 0.0839, RMSE: 10.84
2023-04-15 19:03:18,539 - model.dcrnn_supervisor - INFO - Horizon 09, MAE: 4.11, MAPE: 0.0877, RMSE: 11.28
2023-04-15 19:03:18,552 - model.dcrnn_supervisor - INFO - Horizon 10, MAE: 4.24, MAPE: 0.0908, RMSE: 11.61
2023-04-15 19:03:18,565 - model.dcrnn_supervisor - INFO - Horizon 11, MAE: 4.36, MAPE: 0.0937, RMSE: 11.90
2023-04-15 19:03:18,577 - model.dcrnn_supervisor - INFO - Horizon 12, MAE: 4.49, MAPE: 0.0964, RMSE: 12.19
2023-04-15 19:03:18,590 - model.dcrnn_supervisor - INFO - Horizon 13, MAE: 4.60, MAPE: 0.0989, RMSE: 12.46
2023-04-15 19:03:18,603 - model.dcrnn_supervisor - INFO - Horizon 14, MAE: 4.72, MAPE: 0.1014, RMSE: 12.72
2023-04-15 19:03:18,615 - model.dcrnn_supervisor - INFO - Horizon 15, MAE: 4.83, MAPE: 0.1037, RMSE: 12.97
2023-04-15 19:03:18,626 - model.dcrnn_supervisor - INFO - Horizon 16, MAE: 4.94, MAPE: 0.1061, RMSE: 13.23
2023-04-15 19:03:18,638 - model.dcrnn_supervisor - INFO - Horizon 17, MAE: 5.04, MAPE: 0.1081, RMSE: 13.44
2023-04-15 19:03:18,650 - model.dcrnn_supervisor - INFO - Horizon 18, MAE: 5.14, MAPE: 0.1100, RMSE: 13.65
2023-04-15 19:04:22,195 - model.dcrnn_supervisor - INFO - Epoch [40/100] (15375) train_mae: 2.4244, val_mae: 4.1608 lr:0.000010 63.5s
2023-04-15 19:04:22,206 - model.dcrnn_supervisor - INFO - Val loss decrease from 4.1609 to 4.1608, saving to data/model/dcrnn_L_2_h_18_64-64_lr_0.01_bs_64_0415160207/models-4.1608-15375
2023-04-15 19:05:25,770 - model.dcrnn_supervisor - INFO - Epoch [41/100] (15750) train_mae: 2.4482, val_mae: 4.1594 lr:0.000010 63.6s
2023-04-15 19:05:25,780 - model.dcrnn_supervisor - INFO - Val loss decrease from 4.1608 to 4.1594, saving to data/model/dcrnn_L_2_h_18_64-64_lr_0.01_bs_64_0415160207/models-4.1594-15750
2023-04-15 19:06:29,242 - model.dcrnn_supervisor - INFO - Epoch [42/100] (16125) train_mae: 2.5049, val_mae: 4.1580 lr:0.000010 63.5s
2023-04-15 19:06:29,253 - model.dcrnn_supervisor - INFO - Val loss decrease from 4.1594 to 4.1580, saving to data/model/dcrnn_L_2_h_18_64-64_lr_0.01_bs_64_0415160207/models-4.1580-16125
2023-04-15 19:07:32,646 - model.dcrnn_supervisor - INFO - Epoch [43/100] (16500) train_mae: 2.5732, val_mae: 4.1548 lr:0.000010 63.4s
2023-04-15 19:07:32,656 - model.dcrnn_supervisor - INFO - Val loss decrease from 4.1580 to 4.1548, saving to data/model/dcrnn_L_2_h_18_64-64_lr_0.01_bs_64_0415160207/models-4.1548-16500
2023-04-15 19:08:36,046 - model.dcrnn_supervisor - INFO - Epoch [44/100] (16875) train_mae: 2.6212, val_mae: 4.1539 lr:0.000010 63.4s
2023-04-15 19:08:36,058 - model.dcrnn_supervisor - INFO - Val loss decrease from 4.1548 to 4.1539, saving to data/model/dcrnn_L_2_h_18_64-64_lr_0.01_bs_64_0415160207/models-4.1539-16875
2023-04-15 19:09:39,367 - model.dcrnn_supervisor - INFO - Epoch [45/100] (17250) train_mae: 2.6654, val_mae: 4.1516 lr:0.000010 63.3s
2023-04-15 19:09:39,377 - model.dcrnn_supervisor - INFO - Val loss decrease from 4.1539 to 4.1516, saving to data/model/dcrnn_L_2_h_18_64-64_lr_0.01_bs_64_0415160207/models-4.1516-17250
2023-04-15 19:10:42,580 - model.dcrnn_supervisor - INFO - Epoch [46/100] (17625) train_mae: 2.7712, val_mae: 4.1498 lr:0.000010 63.2s
2023-04-15 19:10:42,590 - model.dcrnn_supervisor - INFO - Val loss decrease from 4.1516 to 4.1498, saving to data/model/dcrnn_L_2_h_18_64-64_lr_0.01_bs_64_0415160207/models-4.1498-17625
2023-04-15 19:11:45,765 - model.dcrnn_supervisor - INFO - Epoch [47/100] (18000) train_mae: 2.8487, val_mae: 4.1477 lr:0.000010 63.2s
2023-04-15 19:11:45,774 - model.dcrnn_supervisor - INFO - Val loss decrease from 4.1498 to 4.1477, saving to data/model/dcrnn_L_2_h_18_64-64_lr_0.01_bs_64_0415160207/models-4.1477-18000
2023-04-15 19:12:49,007 - model.dcrnn_supervisor - INFO - Epoch [48/100] (18375) train_mae: 2.9178, val_mae: 4.1473 lr:0.000010 63.2s
2023-04-15 19:12:49,017 - model.dcrnn_supervisor - INFO - Val loss decrease from 4.1477 to 4.1473, saving to data/model/dcrnn_L_2_h_18_64-64_lr_0.01_bs_64_0415160207/models-4.1473-18375
2023-04-15 19:13:52,070 - model.dcrnn_supervisor - INFO - Epoch [49/100] (18750) train_mae: 3.0147, val_mae: 4.1422 lr:0.000010 63.1s
2023-04-15 19:14:01,193 - model.dcrnn_supervisor - INFO - Horizon 01, MAE: 2.27, MAPE: 0.0453, RMSE: 5.37
2023-04-15 19:14:01,212 - model.dcrnn_supervisor - INFO - Horizon 02, MAE: 2.63, MAPE: 0.0540, RMSE: 6.75
2023-04-15 19:14:01,230 - model.dcrnn_supervisor - INFO - Horizon 03, MAE: 2.90, MAPE: 0.0607, RMSE: 7.69
2023-04-15 19:14:01,247 - model.dcrnn_supervisor - INFO - Horizon 04, MAE: 3.14, MAPE: 0.0663, RMSE: 8.47
2023-04-15 19:14:01,265 - model.dcrnn_supervisor - INFO - Horizon 05, MAE: 3.36, MAPE: 0.0714, RMSE: 9.18
2023-04-15 19:14:01,283 - model.dcrnn_supervisor - INFO - Horizon 06, MAE: 3.57, MAPE: 0.0761, RMSE: 9.80
2023-04-15 19:14:01,305 - model.dcrnn_supervisor - INFO - Horizon 07, MAE: 3.76, MAPE: 0.0801, RMSE: 10.33
2023-04-15 19:14:01,323 - model.dcrnn_supervisor - INFO - Horizon 08, MAE: 3.94, MAPE: 0.0842, RMSE: 10.81
2023-04-15 19:14:01,340 - model.dcrnn_supervisor - INFO - Horizon 09, MAE: 4.10, MAPE: 0.0879, RMSE: 11.25
2023-04-15 19:14:01,358 - model.dcrnn_supervisor - INFO - Horizon 10, MAE: 4.23, MAPE: 0.0909, RMSE: 11.58
2023-04-15 19:14:01,376 - model.dcrnn_supervisor - INFO - Horizon 11, MAE: 4.36, MAPE: 0.0938, RMSE: 11.87
2023-04-15 19:14:01,395 - model.dcrnn_supervisor - INFO - Horizon 12, MAE: 4.48, MAPE: 0.0963, RMSE: 12.16
2023-04-15 19:14:01,413 - model.dcrnn_supervisor - INFO - Horizon 13, MAE: 4.59, MAPE: 0.0989, RMSE: 12.43
2023-04-15 19:14:01,431 - model.dcrnn_supervisor - INFO - Horizon 14, MAE: 4.71, MAPE: 0.1014, RMSE: 12.70
2023-04-15 19:14:01,449 - model.dcrnn_supervisor - INFO - Horizon 15, MAE: 4.83, MAPE: 0.1038, RMSE: 12.97
2023-04-15 19:14:01,466 - model.dcrnn_supervisor - INFO - Horizon 16, MAE: 4.94, MAPE: 0.1062, RMSE: 13.22
2023-04-15 19:14:01,483 - model.dcrnn_supervisor - INFO - Horizon 17, MAE: 5.04, MAPE: 0.1081, RMSE: 13.44
2023-04-15 19:14:01,506 - model.dcrnn_supervisor - INFO - Horizon 18, MAE: 5.14, MAPE: 0.1100, RMSE: 13.65
2023-04-15 19:14:01,538 - model.dcrnn_supervisor - INFO - Val loss decrease from 4.1473 to 4.1422, saving to data/model/dcrnn_L_2_h_18_64-64_lr_0.01_bs_64_0415160207/models-4.1422-18750
2023-04-15 19:15:05,750 - model.dcrnn_supervisor - INFO - Epoch [50/100] (19125) train_mae: 3.1116, val_mae: 4.1413 lr:0.000002 64.2s
2023-04-15 19:15:05,761 - model.dcrnn_supervisor - INFO - Val loss decrease from 4.1422 to 4.1413, saving to data/model/dcrnn_L_2_h_18_64-64_lr_0.01_bs_64_0415160207/models-4.1413-19125
2023-04-15 19:16:09,151 - model.dcrnn_supervisor - INFO - Epoch [51/100] (19500) train_mae: 3.1643, val_mae: 4.1406 lr:0.000002 63.4s
2023-04-15 19:16:09,163 - model.dcrnn_supervisor - INFO - Val loss decrease from 4.1413 to 4.1406, saving to data/model/dcrnn_L_2_h_18_64-64_lr_0.01_bs_64_0415160207/models-4.1406-19500
2023-04-15 19:17:12,082 - model.dcrnn_supervisor - INFO - Epoch [52/100] (19875) train_mae: 3.2020, val_mae: 4.1398 lr:0.000002 62.9s
2023-04-15 19:17:12,092 - model.dcrnn_supervisor - INFO - Val loss decrease from 4.1406 to 4.1398, saving to data/model/dcrnn_L_2_h_18_64-64_lr_0.01_bs_64_0415160207/models-4.1398-19875
2023-04-15 19:18:15,391 - model.dcrnn_supervisor - INFO - Epoch [53/100] (20250) train_mae: 3.2984, val_mae: 4.1384 lr:0.000002 63.3s
2023-04-15 19:18:15,402 - model.dcrnn_supervisor - INFO - Val loss decrease from 4.1398 to 4.1384, saving to data/model/dcrnn_L_2_h_18_64-64_lr_0.01_bs_64_0415160207/models-4.1384-20250
2023-04-15 19:19:18,580 - model.dcrnn_supervisor - INFO - Epoch [54/100] (20625) train_mae: 3.3467, val_mae: 4.1390 lr:0.000002 63.2s
2023-04-15 19:20:21,518 - model.dcrnn_supervisor - INFO - Epoch [55/100] (21000) train_mae: 3.4564, val_mae: 4.1388 lr:0.000002 62.9s
2023-04-15 19:21:24,212 - model.dcrnn_supervisor - INFO - Epoch [56/100] (21375) train_mae: 3.4626, val_mae: 4.1376 lr:0.000002 62.7s
2023-04-15 19:21:24,222 - model.dcrnn_supervisor - INFO - Val loss decrease from 4.1384 to 4.1376, saving to data/model/dcrnn_L_2_h_18_64-64_lr_0.01_bs_64_0415160207/models-4.1376-21375
2023-04-15 19:22:26,881 - model.dcrnn_supervisor - INFO - Epoch [57/100] (21750) train_mae: 3.5008, val_mae: 4.1377 lr:0.000002 62.7s
2023-04-15 19:23:29,585 - model.dcrnn_supervisor - INFO - Epoch [58/100] (22125) train_mae: 3.5872, val_mae: 4.1370 lr:0.000002 62.7s
2023-04-15 19:23:29,596 - model.dcrnn_supervisor - INFO - Val loss decrease from 4.1376 to 4.1370, saving to data/model/dcrnn_L_2_h_18_64-64_lr_0.01_bs_64_0415160207/models-4.1370-22125
2023-04-15 19:24:32,431 - model.dcrnn_supervisor - INFO - Epoch [59/100] (22500) train_mae: 3.6090, val_mae: 4.1358 lr:0.000002 62.8s
2023-04-15 19:24:41,286 - model.dcrnn_supervisor - INFO - Horizon 01, MAE: 2.27, MAPE: 0.0453, RMSE: 5.37
2023-04-15 19:24:41,297 - model.dcrnn_supervisor - INFO - Horizon 02, MAE: 2.63, MAPE: 0.0540, RMSE: 6.74
2023-04-15 19:24:41,308 - model.dcrnn_supervisor - INFO - Horizon 03, MAE: 2.90, MAPE: 0.0607, RMSE: 7.69
2023-04-15 19:24:41,321 - model.dcrnn_supervisor - INFO - Horizon 04, MAE: 3.14, MAPE: 0.0664, RMSE: 8.46
2023-04-15 19:24:41,332 - model.dcrnn_supervisor - INFO - Horizon 05, MAE: 3.36, MAPE: 0.0715, RMSE: 9.17
2023-04-15 19:24:41,345 - model.dcrnn_supervisor - INFO - Horizon 06, MAE: 3.57, MAPE: 0.0761, RMSE: 9.80
2023-04-15 19:24:41,358 - model.dcrnn_supervisor - INFO - Horizon 07, MAE: 3.76, MAPE: 0.0801, RMSE: 10.33
2023-04-15 19:24:41,371 - model.dcrnn_supervisor - INFO - Horizon 08, MAE: 3.94, MAPE: 0.0842, RMSE: 10.81
2023-04-15 19:24:41,384 - model.dcrnn_supervisor - INFO - Horizon 09, MAE: 4.11, MAPE: 0.0879, RMSE: 11.25
2023-04-15 19:24:41,397 - model.dcrnn_supervisor - INFO - Horizon 10, MAE: 4.24, MAPE: 0.0909, RMSE: 11.58
2023-04-15 19:24:41,409 - model.dcrnn_supervisor - INFO - Horizon 11, MAE: 4.36, MAPE: 0.0937, RMSE: 11.87
2023-04-15 19:24:41,422 - model.dcrnn_supervisor - INFO - Horizon 12, MAE: 4.48, MAPE: 0.0963, RMSE: 12.16
2023-04-15 19:24:41,435 - model.dcrnn_supervisor - INFO - Horizon 13, MAE: 4.59, MAPE: 0.0988, RMSE: 12.44
2023-04-15 19:24:41,448 - model.dcrnn_supervisor - INFO - Horizon 14, MAE: 4.71, MAPE: 0.1013, RMSE: 12.70
2023-04-15 19:24:41,461 - model.dcrnn_supervisor - INFO - Horizon 15, MAE: 4.83, MAPE: 0.1037, RMSE: 12.96
2023-04-15 19:24:41,474 - model.dcrnn_supervisor - INFO - Horizon 16, MAE: 4.94, MAPE: 0.1060, RMSE: 13.22
2023-04-15 19:24:41,487 - model.dcrnn_supervisor - INFO - Horizon 17, MAE: 5.04, MAPE: 0.1079, RMSE: 13.44
2023-04-15 19:24:41,500 - model.dcrnn_supervisor - INFO - Horizon 18, MAE: 5.14, MAPE: 0.1097, RMSE: 13.65
2023-04-15 19:24:41,513 - model.dcrnn_supervisor - INFO - Val loss decrease from 4.1370 to 4.1358, saving to data/model/dcrnn_L_2_h_18_64-64_lr_0.01_bs_64_0415160207/models-4.1358-22500
2023-04-15 19:25:44,525 - model.dcrnn_supervisor - INFO - Epoch [60/100] (22875) train_mae: 3.6109, val_mae: 4.1343 lr:0.000002 63.0s
2023-04-15 19:25:44,535 - model.dcrnn_supervisor - INFO - Val loss decrease from 4.1358 to 4.1343, saving to data/model/dcrnn_L_2_h_18_64-64_lr_0.01_bs_64_0415160207/models-4.1343-22875
2023-04-15 19:26:47,769 - model.dcrnn_supervisor - INFO - Epoch [61/100] (23250) train_mae: 3.6598, val_mae: 4.1339 lr:0.000002 63.2s
2023-04-15 19:26:47,781 - model.dcrnn_supervisor - INFO - Val loss decrease from 4.1343 to 4.1339, saving to data/model/dcrnn_L_2_h_18_64-64_lr_0.01_bs_64_0415160207/models-4.1339-23250
2023-04-15 19:27:50,792 - model.dcrnn_supervisor - INFO - Epoch [62/100] (23625) train_mae: 3.6585, val_mae: 4.1338 lr:0.000002 63.0s
2023-04-15 19:27:50,804 - model.dcrnn_supervisor - INFO - Val loss decrease from 4.1339 to 4.1338, saving to data/model/dcrnn_L_2_h_18_64-64_lr_0.01_bs_64_0415160207/models-4.1338-23625
2023-04-15 19:28:53,738 - model.dcrnn_supervisor - INFO - Epoch [63/100] (24000) train_mae: 3.7074, val_mae: 4.1337 lr:0.000002 62.9s
2023-04-15 19:28:53,749 - model.dcrnn_supervisor - INFO - Val loss decrease from 4.1338 to 4.1337, saving to data/model/dcrnn_L_2_h_18_64-64_lr_0.01_bs_64_0415160207/models-4.1337-24000
2023-04-15 19:29:56,635 - model.dcrnn_supervisor - INFO - Epoch [64/100] (24375) train_mae: 3.7012, val_mae: 4.1334 lr:0.000002 62.9s
2023-04-15 19:29:56,646 - model.dcrnn_supervisor - INFO - Val loss decrease from 4.1337 to 4.1334, saving to data/model/dcrnn_L_2_h_18_64-64_lr_0.01_bs_64_0415160207/models-4.1334-24375
2023-04-15 19:31:00,417 - model.dcrnn_supervisor - INFO - Epoch [65/100] (24750) train_mae: 3.7087, val_mae: 4.1334 lr:0.000002 63.8s
2023-04-15 19:31:00,427 - model.dcrnn_supervisor - INFO - Val loss decrease from 4.1334 to 4.1334, saving to data/model/dcrnn_L_2_h_18_64-64_lr_0.01_bs_64_0415160207/models-4.1334-24750
2023-04-15 19:32:04,182 - model.dcrnn_supervisor - INFO - Epoch [66/100] (25125) train_mae: 3.7215, val_mae: 4.1338 lr:0.000002 63.8s
2023-04-15 19:33:07,988 - model.dcrnn_supervisor - INFO - Epoch [67/100] (25500) train_mae: 3.7368, val_mae: 4.1336 lr:0.000002 63.8s
2023-04-15 19:34:10,941 - model.dcrnn_supervisor - INFO - Epoch [68/100] (25875) train_mae: 3.7380, val_mae: 4.1326 lr:0.000002 63.0s
2023-04-15 19:34:10,951 - model.dcrnn_supervisor - INFO - Val loss decrease from 4.1334 to 4.1326, saving to data/model/dcrnn_L_2_h_18_64-64_lr_0.01_bs_64_0415160207/models-4.1326-25875
2023-04-15 19:35:14,289 - model.dcrnn_supervisor - INFO - Epoch [69/100] (26250) train_mae: 3.7583, val_mae: 4.1314 lr:0.000002 63.3s
2023-04-15 19:35:23,330 - model.dcrnn_supervisor - INFO - Horizon 01, MAE: 2.27, MAPE: 0.0453, RMSE: 5.37
2023-04-15 19:35:23,343 - model.dcrnn_supervisor - INFO - Horizon 02, MAE: 2.63, MAPE: 0.0541, RMSE: 6.72
2023-04-15 19:35:23,355 - model.dcrnn_supervisor - INFO - Horizon 03, MAE: 2.90, MAPE: 0.0608, RMSE: 7.66
2023-04-15 19:35:23,367 - model.dcrnn_supervisor - INFO - Horizon 04, MAE: 3.13, MAPE: 0.0664, RMSE: 8.43
2023-04-15 19:35:23,378 - model.dcrnn_supervisor - INFO - Horizon 05, MAE: 3.36, MAPE: 0.0715, RMSE: 9.14
2023-04-15 19:35:23,390 - model.dcrnn_supervisor - INFO - Horizon 06, MAE: 3.57, MAPE: 0.0762, RMSE: 9.78
2023-04-15 19:35:23,402 - model.dcrnn_supervisor - INFO - Horizon 07, MAE: 3.75, MAPE: 0.0801, RMSE: 10.30
2023-04-15 19:35:23,414 - model.dcrnn_supervisor - INFO - Horizon 08, MAE: 3.93, MAPE: 0.0842, RMSE: 10.78
2023-04-15 19:35:23,425 - model.dcrnn_supervisor - INFO - Horizon 09, MAE: 4.10, MAPE: 0.0878, RMSE: 11.22
2023-04-15 19:35:23,437 - model.dcrnn_supervisor - INFO - Horizon 10, MAE: 4.23, MAPE: 0.0908, RMSE: 11.55
2023-04-15 19:35:23,449 - model.dcrnn_supervisor - INFO - Horizon 11, MAE: 4.35, MAPE: 0.0936, RMSE: 11.84
2023-04-15 19:35:23,462 - model.dcrnn_supervisor - INFO - Horizon 12, MAE: 4.47, MAPE: 0.0961, RMSE: 12.12
2023-04-15 19:35:23,474 - model.dcrnn_supervisor - INFO - Horizon 13, MAE: 4.58, MAPE: 0.0986, RMSE: 12.41
2023-04-15 19:35:23,487 - model.dcrnn_supervisor - INFO - Horizon 14, MAE: 4.70, MAPE: 0.1012, RMSE: 12.68
2023-04-15 19:35:23,499 - model.dcrnn_supervisor - INFO - Horizon 15, MAE: 4.82, MAPE: 0.1035, RMSE: 12.94
2023-04-15 19:35:23,512 - model.dcrnn_supervisor - INFO - Horizon 16, MAE: 4.93, MAPE: 0.1058, RMSE: 13.20
2023-04-15 19:35:23,524 - model.dcrnn_supervisor - INFO - Horizon 17, MAE: 5.03, MAPE: 0.1076, RMSE: 13.42
2023-04-15 19:35:23,537 - model.dcrnn_supervisor - INFO - Horizon 18, MAE: 5.13, MAPE: 0.1095, RMSE: 13.63
2023-04-15 19:35:23,549 - model.dcrnn_supervisor - INFO - Val loss decrease from 4.1326 to 4.1314, saving to data/model/dcrnn_L_2_h_18_64-64_lr_0.01_bs_64_0415160207/models-4.1314-26250
2023-04-15 19:36:26,408 - model.dcrnn_supervisor - INFO - Epoch [70/100] (26625) train_mae: 3.7433, val_mae: 4.1308 lr:0.000002 62.9s
2023-04-15 19:36:26,419 - model.dcrnn_supervisor - INFO - Val loss decrease from 4.1314 to 4.1308, saving to data/model/dcrnn_L_2_h_18_64-64_lr_0.01_bs_64_0415160207/models-4.1308-26625
2023-04-15 19:37:29,292 - model.dcrnn_supervisor - INFO - Epoch [71/100] (27000) train_mae: 3.7602, val_mae: 4.1303 lr:0.000002 62.9s
2023-04-15 19:37:29,302 - model.dcrnn_supervisor - INFO - Val loss decrease from 4.1308 to 4.1303, saving to data/model/dcrnn_L_2_h_18_64-64_lr_0.01_bs_64_0415160207/models-4.1303-27000
2023-04-15 19:38:31,996 - model.dcrnn_supervisor - INFO - Epoch [72/100] (27375) train_mae: 3.7714, val_mae: 4.1283 lr:0.000002 62.7s
2023-04-15 19:38:32,007 - model.dcrnn_supervisor - INFO - Val loss decrease from 4.1303 to 4.1283, saving to data/model/dcrnn_L_2_h_18_64-64_lr_0.01_bs_64_0415160207/models-4.1283-27375
2023-04-15 19:39:34,980 - model.dcrnn_supervisor - INFO - Epoch [73/100] (27750) train_mae: 3.7665, val_mae: 4.1275 lr:0.000002 63.0s
2023-04-15 19:39:34,990 - model.dcrnn_supervisor - INFO - Val loss decrease from 4.1283 to 4.1275, saving to data/model/dcrnn_L_2_h_18_64-64_lr_0.01_bs_64_0415160207/models-4.1275-27750
2023-04-15 19:40:37,774 - model.dcrnn_supervisor - INFO - Epoch [74/100] (28125) train_mae: 3.7592, val_mae: 4.1264 lr:0.000002 62.8s
2023-04-15 19:40:37,785 - model.dcrnn_supervisor - INFO - Val loss decrease from 4.1275 to 4.1264, saving to data/model/dcrnn_L_2_h_18_64-64_lr_0.01_bs_64_0415160207/models-4.1264-28125
2023-04-15 19:41:40,505 - model.dcrnn_supervisor - INFO - Epoch [75/100] (28500) train_mae: 3.7646, val_mae: 4.1254 lr:0.000002 62.7s
2023-04-15 19:41:40,515 - model.dcrnn_supervisor - INFO - Val loss decrease from 4.1264 to 4.1254, saving to data/model/dcrnn_L_2_h_18_64-64_lr_0.01_bs_64_0415160207/models-4.1254-28500
2023-04-15 19:42:43,261 - model.dcrnn_supervisor - INFO - Epoch [76/100] (28875) train_mae: 3.7625, val_mae: 4.1235 lr:0.000002 62.7s
2023-04-15 19:42:43,271 - model.dcrnn_supervisor - INFO - Val loss decrease from 4.1254 to 4.1235, saving to data/model/dcrnn_L_2_h_18_64-64_lr_0.01_bs_64_0415160207/models-4.1235-28875
2023-04-15 19:43:45,988 - model.dcrnn_supervisor - INFO - Epoch [77/100] (29250) train_mae: 3.7668, val_mae: 4.1214 lr:0.000002 62.7s
2023-04-15 19:43:45,998 - model.dcrnn_supervisor - INFO - Val loss decrease from 4.1235 to 4.1214, saving to data/model/dcrnn_L_2_h_18_64-64_lr_0.01_bs_64_0415160207/models-4.1214-29250
2023-04-15 19:44:49,020 - model.dcrnn_supervisor - INFO - Epoch [78/100] (29625) train_mae: 3.7658, val_mae: 4.1188 lr:0.000002 63.0s
2023-04-15 19:44:49,030 - model.dcrnn_supervisor - INFO - Val loss decrease from 4.1214 to 4.1188, saving to data/model/dcrnn_L_2_h_18_64-64_lr_0.01_bs_64_0415160207/models-4.1188-29625
2023-04-15 19:45:52,199 - model.dcrnn_supervisor - INFO - Epoch [79/100] (30000) train_mae: 3.7643, val_mae: 4.1170 lr:0.000002 63.2s
2023-04-15 19:46:01,125 - model.dcrnn_supervisor - INFO - Horizon 01, MAE: 2.27, MAPE: 0.0453, RMSE: 5.36
2023-04-15 19:46:01,136 - model.dcrnn_supervisor - INFO - Horizon 02, MAE: 2.62, MAPE: 0.0540, RMSE: 6.68
2023-04-15 19:46:01,146 - model.dcrnn_supervisor - INFO - Horizon 03, MAE: 2.89, MAPE: 0.0607, RMSE: 7.60
2023-04-15 19:46:01,158 - model.dcrnn_supervisor - INFO - Horizon 04, MAE: 3.12, MAPE: 0.0663, RMSE: 8.36
2023-04-15 19:46:01,171 - model.dcrnn_supervisor - INFO - Horizon 05, MAE: 3.34, MAPE: 0.0713, RMSE: 9.07
2023-04-15 19:46:01,183 - model.dcrnn_supervisor - INFO - Horizon 06, MAE: 3.55, MAPE: 0.0759, RMSE: 9.71
2023-04-15 19:46:01,195 - model.dcrnn_supervisor - INFO - Horizon 07, MAE: 3.74, MAPE: 0.0799, RMSE: 10.23
2023-04-15 19:46:01,207 - model.dcrnn_supervisor - INFO - Horizon 08, MAE: 3.91, MAPE: 0.0839, RMSE: 10.72
2023-04-15 19:46:01,219 - model.dcrnn_supervisor - INFO - Horizon 09, MAE: 4.07, MAPE: 0.0875, RMSE: 11.14
2023-04-15 19:46:01,231 - model.dcrnn_supervisor - INFO - Horizon 10, MAE: 4.20, MAPE: 0.0904, RMSE: 11.47
2023-04-15 19:46:01,243 - model.dcrnn_supervisor - INFO - Horizon 11, MAE: 4.32, MAPE: 0.0931, RMSE: 11.76
2023-04-15 19:46:01,255 - model.dcrnn_supervisor - INFO - Horizon 12, MAE: 4.44, MAPE: 0.0956, RMSE: 12.05
2023-04-15 19:46:01,267 - model.dcrnn_supervisor - INFO - Horizon 13, MAE: 4.56, MAPE: 0.0982, RMSE: 12.33
2023-04-15 19:46:01,279 - model.dcrnn_supervisor - INFO - Horizon 14, MAE: 4.67, MAPE: 0.1007, RMSE: 12.60
2023-04-15 19:46:01,291 - model.dcrnn_supervisor - INFO - Horizon 15, MAE: 4.79, MAPE: 0.1030, RMSE: 12.87
2023-04-15 19:46:01,303 - model.dcrnn_supervisor - INFO - Horizon 16, MAE: 4.91, MAPE: 0.1053, RMSE: 13.13
2023-04-15 19:46:01,315 - model.dcrnn_supervisor - INFO - Horizon 17, MAE: 5.01, MAPE: 0.1072, RMSE: 13.35
2023-04-15 19:46:01,328 - model.dcrnn_supervisor - INFO - Horizon 18, MAE: 5.10, MAPE: 0.1090, RMSE: 13.56
2023-04-15 19:46:01,340 - model.dcrnn_supervisor - INFO - Val loss decrease from 4.1188 to 4.1170, saving to data/model/dcrnn_L_2_h_18_64-64_lr_0.01_bs_64_0415160207/models-4.1170-30000
2023-04-15 19:47:05,465 - model.dcrnn_supervisor - INFO - Epoch [80/100] (30375) train_mae: 3.7562, val_mae: 4.1125 lr:0.000002 64.1s
2023-04-15 19:47:05,476 - model.dcrnn_supervisor - INFO - Val loss decrease from 4.1170 to 4.1125, saving to data/model/dcrnn_L_2_h_18_64-64_lr_0.01_bs_64_0415160207/models-4.1125-30375
2023-04-15 19:48:09,186 - model.dcrnn_supervisor - INFO - Epoch [81/100] (30750) train_mae: 3.7636, val_mae: 4.1073 lr:0.000002 63.7s
2023-04-15 19:48:09,196 - model.dcrnn_supervisor - INFO - Val loss decrease from 4.1125 to 4.1073, saving to data/model/dcrnn_L_2_h_18_64-64_lr_0.01_bs_64_0415160207/models-4.1073-30750
2023-04-15 19:49:12,209 - model.dcrnn_supervisor - INFO - Epoch [82/100] (31125) train_mae: 3.7644, val_mae: 4.1050 lr:0.000002 63.0s
2023-04-15 19:49:12,221 - model.dcrnn_supervisor - INFO - Val loss decrease from 4.1073 to 4.1050, saving to data/model/dcrnn_L_2_h_18_64-64_lr_0.01_bs_64_0415160207/models-4.1050-31125
2023-04-15 19:50:15,170 - model.dcrnn_supervisor - INFO - Epoch [83/100] (31500) train_mae: 3.7639, val_mae: 4.1037 lr:0.000002 62.9s
2023-04-15 19:50:15,180 - model.dcrnn_supervisor - INFO - Val loss decrease from 4.1050 to 4.1037, saving to data/model/dcrnn_L_2_h_18_64-64_lr_0.01_bs_64_0415160207/models-4.1037-31500
2023-04-15 19:51:18,290 - model.dcrnn_supervisor - INFO - Epoch [84/100] (31875) train_mae: 3.7577, val_mae: 4.1030 lr:0.000002 63.1s
2023-04-15 19:51:18,300 - model.dcrnn_supervisor - INFO - Val loss decrease from 4.1037 to 4.1030, saving to data/model/dcrnn_L_2_h_18_64-64_lr_0.01_bs_64_0415160207/models-4.1030-31875
2023-04-15 19:52:21,461 - model.dcrnn_supervisor - INFO - Epoch [85/100] (32250) train_mae: 3.7579, val_mae: 4.1007 lr:0.000002 63.2s
2023-04-15 19:52:21,472 - model.dcrnn_supervisor - INFO - Val loss decrease from 4.1030 to 4.1007, saving to data/model/dcrnn_L_2_h_18_64-64_lr_0.01_bs_64_0415160207/models-4.1007-32250
2023-04-15 19:53:24,485 - model.dcrnn_supervisor - INFO - Epoch [86/100] (32625) train_mae: 3.7552, val_mae: 4.0993 lr:0.000002 63.0s
2023-04-15 19:53:24,495 - model.dcrnn_supervisor - INFO - Val loss decrease from 4.1007 to 4.0993, saving to data/model/dcrnn_L_2_h_18_64-64_lr_0.01_bs_64_0415160207/models-4.0993-32625
2023-04-15 19:54:27,599 - model.dcrnn_supervisor - INFO - Epoch [87/100] (33000) train_mae: 3.7562, val_mae: 4.0984 lr:0.000002 63.1s
2023-04-15 19:54:27,608 - model.dcrnn_supervisor - INFO - Val loss decrease from 4.0993 to 4.0984, saving to data/model/dcrnn_L_2_h_18_64-64_lr_0.01_bs_64_0415160207/models-4.0984-33000
2023-04-15 19:55:30,351 - model.dcrnn_supervisor - INFO - Epoch [88/100] (33375) train_mae: 3.7539, val_mae: 4.0979 lr:0.000002 62.7s
2023-04-15 19:55:30,362 - model.dcrnn_supervisor - INFO - Val loss decrease from 4.0984 to 4.0979, saving to data/model/dcrnn_L_2_h_18_64-64_lr_0.01_bs_64_0415160207/models-4.0979-33375
2023-04-15 19:56:33,397 - model.dcrnn_supervisor - INFO - Epoch [89/100] (33750) train_mae: 3.7518, val_mae: 4.0978 lr:0.000002 63.0s
2023-04-15 19:56:42,482 - model.dcrnn_supervisor - INFO - Horizon 01, MAE: 2.27, MAPE: 0.0454, RMSE: 5.36
2023-04-15 19:56:42,493 - model.dcrnn_supervisor - INFO - Horizon 02, MAE: 2.62, MAPE: 0.0540, RMSE: 6.63
2023-04-15 19:56:42,504 - model.dcrnn_supervisor - INFO - Horizon 03, MAE: 2.88, MAPE: 0.0605, RMSE: 7.51
2023-04-15 19:56:42,515 - model.dcrnn_supervisor - INFO - Horizon 04, MAE: 3.10, MAPE: 0.0661, RMSE: 8.28
2023-04-15 19:56:42,527 - model.dcrnn_supervisor - INFO - Horizon 05, MAE: 3.32, MAPE: 0.0711, RMSE: 8.99
2023-04-15 19:56:42,539 - model.dcrnn_supervisor - INFO - Horizon 06, MAE: 3.53, MAPE: 0.0757, RMSE: 9.63
2023-04-15 19:56:42,552 - model.dcrnn_supervisor - INFO - Horizon 07, MAE: 3.72, MAPE: 0.0797, RMSE: 10.16
2023-04-15 19:56:42,565 - model.dcrnn_supervisor - INFO - Horizon 08, MAE: 3.89, MAPE: 0.0837, RMSE: 10.65
2023-04-15 19:56:42,577 - model.dcrnn_supervisor - INFO - Horizon 09, MAE: 4.05, MAPE: 0.0871, RMSE: 11.06
2023-04-15 19:56:42,590 - model.dcrnn_supervisor - INFO - Horizon 10, MAE: 4.17, MAPE: 0.0899, RMSE: 11.37
2023-04-15 19:56:42,603 - model.dcrnn_supervisor - INFO - Horizon 11, MAE: 4.29, MAPE: 0.0926, RMSE: 11.67
2023-04-15 19:56:42,616 - model.dcrnn_supervisor - INFO - Horizon 12, MAE: 4.41, MAPE: 0.0951, RMSE: 11.95
2023-04-15 19:56:42,628 - model.dcrnn_supervisor - INFO - Horizon 13, MAE: 4.52, MAPE: 0.0976, RMSE: 12.24
2023-04-15 19:56:42,641 - model.dcrnn_supervisor - INFO - Horizon 14, MAE: 4.64, MAPE: 0.1001, RMSE: 12.51
2023-04-15 19:56:42,654 - model.dcrnn_supervisor - INFO - Horizon 15, MAE: 4.75, MAPE: 0.1024, RMSE: 12.77
2023-04-15 19:56:42,666 - model.dcrnn_supervisor - INFO - Horizon 16, MAE: 4.87, MAPE: 0.1046, RMSE: 13.04
2023-04-15 19:56:42,679 - model.dcrnn_supervisor - INFO - Horizon 17, MAE: 4.97, MAPE: 0.1065, RMSE: 13.26
2023-04-15 19:56:42,691 - model.dcrnn_supervisor - INFO - Horizon 18, MAE: 5.07, MAPE: 0.1083, RMSE: 13.47
2023-04-15 19:56:42,705 - model.dcrnn_supervisor - INFO - Val loss decrease from 4.0979 to 4.0978, saving to data/model/dcrnn_L_2_h_18_64-64_lr_0.01_bs_64_0415160207/models-4.0978-33750
2023-04-15 19:57:45,668 - model.dcrnn_supervisor - INFO - Epoch [90/100] (34125) train_mae: 3.7524, val_mae: 4.0980 lr:0.000002 63.0s
2023-04-15 19:58:48,374 - model.dcrnn_supervisor - INFO - Epoch [91/100] (34500) train_mae: 3.7441, val_mae: 4.0982 lr:0.000002 62.7s
2023-04-15 19:59:51,549 - model.dcrnn_supervisor - INFO - Epoch [92/100] (34875) train_mae: 3.7496, val_mae: 4.0984 lr:0.000002 63.2s
2023-04-15 20:00:54,641 - model.dcrnn_supervisor - INFO - Epoch [93/100] (35250) train_mae: 3.7485, val_mae: 4.0984 lr:0.000002 63.1s
2023-04-15 20:01:57,266 - model.dcrnn_supervisor - INFO - Epoch [94/100] (35625) train_mae: 3.7472, val_mae: 4.0988 lr:0.000002 62.6s
2023-04-15 20:03:00,895 - model.dcrnn_supervisor - INFO - Epoch [95/100] (36000) train_mae: 3.7456, val_mae: 4.0989 lr:0.000002 63.6s
2023-04-15 20:04:04,415 - model.dcrnn_supervisor - INFO - Epoch [96/100] (36375) train_mae: 3.7424, val_mae: 4.0995 lr:0.000002 63.5s
2023-04-15 20:05:08,095 - model.dcrnn_supervisor - INFO - Epoch [97/100] (36750) train_mae: 3.7419, val_mae: 4.1008 lr:0.000002 63.7s
2023-04-15 20:06:11,300 - model.dcrnn_supervisor - INFO - Epoch [98/100] (37125) train_mae: 3.7402, val_mae: 4.1027 lr:0.000002 63.2s
2023-04-15 20:07:15,651 - model.dcrnn_supervisor - INFO - Epoch [99/100] (37500) train_mae: 3.7385, val_mae: 4.1033 lr:0.000002 64.4s
2023-04-15 20:07:24,984 - model.dcrnn_supervisor - INFO - Horizon 01, MAE: 2.27, MAPE: 0.0454, RMSE: 5.36
2023-04-15 20:07:24,999 - model.dcrnn_supervisor - INFO - Horizon 02, MAE: 2.61, MAPE: 0.0540, RMSE: 6.59
2023-04-15 20:07:25,012 - model.dcrnn_supervisor - INFO - Horizon 03, MAE: 2.86, MAPE: 0.0604, RMSE: 7.45
2023-04-15 20:07:25,023 - model.dcrnn_supervisor - INFO - Horizon 04, MAE: 3.09, MAPE: 0.0661, RMSE: 8.25
2023-04-15 20:07:25,035 - model.dcrnn_supervisor - INFO - Horizon 05, MAE: 3.32, MAPE: 0.0711, RMSE: 8.97
2023-04-15 20:07:25,048 - model.dcrnn_supervisor - INFO - Horizon 06, MAE: 3.52, MAPE: 0.0757, RMSE: 9.60
2023-04-15 20:07:25,062 - model.dcrnn_supervisor - INFO - Horizon 07, MAE: 3.71, MAPE: 0.0796, RMSE: 10.13
2023-04-15 20:07:25,075 - model.dcrnn_supervisor - INFO - Horizon 08, MAE: 3.88, MAPE: 0.0836, RMSE: 10.61
2023-04-15 20:07:25,088 - model.dcrnn_supervisor - INFO - Horizon 09, MAE: 4.03, MAPE: 0.0869, RMSE: 11.02
2023-04-15 20:07:25,101 - model.dcrnn_supervisor - INFO - Horizon 10, MAE: 4.16, MAPE: 0.0897, RMSE: 11.33
2023-04-15 20:07:25,113 - model.dcrnn_supervisor - INFO - Horizon 11, MAE: 4.27, MAPE: 0.0924, RMSE: 11.63
2023-04-15 20:07:25,125 - model.dcrnn_supervisor - INFO - Horizon 12, MAE: 4.39, MAPE: 0.0948, RMSE: 11.92
2023-04-15 20:07:25,137 - model.dcrnn_supervisor - INFO - Horizon 13, MAE: 4.51, MAPE: 0.0973, RMSE: 12.20
2023-04-15 20:07:25,149 - model.dcrnn_supervisor - INFO - Horizon 14, MAE: 4.63, MAPE: 0.0998, RMSE: 12.47
2023-04-15 20:07:25,162 - model.dcrnn_supervisor - INFO - Horizon 15, MAE: 4.74, MAPE: 0.1021, RMSE: 12.74
2023-04-15 20:07:25,175 - model.dcrnn_supervisor - INFO - Horizon 16, MAE: 4.86, MAPE: 0.1043, RMSE: 13.00
2023-04-15 20:07:25,187 - model.dcrnn_supervisor - INFO - Horizon 17, MAE: 4.95, MAPE: 0.1062, RMSE: 13.22
2023-04-15 20:07:25,199 - model.dcrnn_supervisor - INFO - Horizon 18, MAE: 5.05, MAPE: 0.1079, RMSE: 13.44
2023-04-15 20:08:29,146 - model.dcrnn_supervisor - INFO - Epoch [100/100] (37875) train_mae: 3.7365, val_mae: 4.1033 lr:0.000002 63.9s
2023-04-15 20:08:29,147 - model.dcrnn_supervisor - WARNING - Early stopping at epoch: 100
